#
# A fatal error has been detected by the Java Runtime Environment:
#
#  SIGSEGV (0xb) at pc=0x00007f85f84130ba, pid=7367, tid=140212027279104
#
# JRE version: OpenJDK Runtime Environment (7.0_51-b31) (build 1.7.0_51-b31)
# Java VM: OpenJDK 64-Bit Server VM (24.51-b03 mixed mode linux-amd64 compressed oops)
# Problematic frame:
# v  ~BufferBlob::jni_fast_GetLongField
#
# Failed to write core dump. Core dumps have been disabled. To enable core dumping, try "ulimit -c unlimited" before starting Java again
#
# If you would like to submit a bug report, please include
# instructions on how to reproduce the bug and visit:
#   http://icedtea.classpath.org/bugzilla
# The crash happened outside the Java Virtual Machine in native code.
# See problematic frame for where to report the bug.
#

---------------  T H R E A D  ---------------

Current thread (0x00007f85fc2b1800):  JavaThread "AWT-XAWT" daemon [_thread_in_native, id=7386, stack(0x00007f85a8044000,0x00007f85a8145000)]

siginfo:si_signo=SIGSEGV: si_errno=0, si_code=1 (SEGV_MAPERR), si_addr=0x0000000000000000

Registers:
RAX=0x00007f8601e69ec0, RBX=0x00007f85fc2b19d8, RCX=0x00007f86022e0320, RDX=0x0000000000000042
RSP=0x00007f85a81437f8, RBP=0x00007f85a8143820, RSI=0x0000000000000000, RDI=0x00007f85fc2b19d8
R8 =0x0000000040000000, R9 =0x0000000000000000, R10=0x0000000000000026, R11=0x00007f8601918730
R12=0x00007f8598052c80, R13=0x0000000000000000, R14=0x00007f85dcd8e4a0, R15=0x00007f85fc2b1800
RIP=0x00007f85f84130ba, EFLAGS=0x0000000000010246, CSGSFS=0x0000000000000033, ERR=0x0000000000000004
  TRAPNO=0x000000000000000e

Top of Stack: (sp=0x00007f85a81437f8)
0x00007f85a81437f8:   00007f85dcb5a564 0000000098ca8998
0x00007f85a8143808:   00007f8598052c80 0000000098ca8998
0x00007f85a8143818:   00007f85a8143908 0000000000000000
0x00007f85a8143828:   00007f85dc63aae8 0000000098ca8998
0x00007f85a8143838:   00007f85a8143860 0000000000000000
0x00007f85a8143848:   00007f85dc6329a3 0000000098ca8998
0x00007f85a8143858:   00007f85dcb4f09f 00007f85a81438d0
0x00007f85a8143868:   00007f85f83cacd8 000000009891d3e0
0x00007f85a8143878:   0000000000000000 00007f85a81438a0
0x00007f85a8143888:   00007f85a81438f0 00007f85a8143890
0x00007f85a8143898:   0000000000000000 00007f85a8143908
0x00007f85a81438a8:   0000000098caeb18 0000000000000000
0x00007f85a81438b8:   0000000098ca8998 0000000000000000
0x00007f85a81438c8:   00007f85a81438f0 00007f85a8143950
0x00007f85a81438d8:   00007f85f83be350 00000000a3027a70
0x00007f85a81438e8:   00007f85f83c6cc0 0000000000000000
0x00007f85a81438f8:   00007f85a8143950 00007f859c000db0
0x00007f85a8143908:   00000000a2dc3790 00007f85a8143910
0x00007f85a8143918:   0000000098b9b31c 00007f85a8143998
0x00007f85a8143928:   0000000098ba8100 0000000000000000
0x00007f85a8143938:   0000000098b9b4b0 00007f85a81438f0
0x00007f85a8143948:   00007f85a8143990 00007f85a81439e0
0x00007f85a8143958:   00007f85f83be058 0000000000000000
0x00007f85a8143968:   00000000a2d4ee58 00000000a2d4eca8
0x00007f85a8143978:   0000000000000000 0000000000000000
0x00007f85a8143988:   00000000a2dc3790 0000000000000000
0x00007f85a8143998:   00000000a2d5d8b0 00007f85a81439a0
0x00007f85a81439a8:   0000000098b9b115 00007f85a81439f0
0x00007f85a81439b8:   0000000098ba8100 0000000000000000
0x00007f85a81439c8:   0000000098b9b130 00007f85a8143990
0x00007f85a81439d8:   00007f85a81439f0 00007f85a8143a38
0x00007f85a81439e8:   00007f85f83be706 00000000a2d5d8b0 

Instructions: (pc=0x00007f85f84130ba)
0x00007f85f841309a:   00 00 00 00 00 00 44 8b 15 3d 11 a8 09 4c 8b ce
0x00007f85f84130aa:   41 f6 c2 01 0f 85 2e 00 00 00 4d 33 ca 4d 33 ca
0x00007f85f84130ba:   4d 8b 09 4c 8b da 49 c1 eb 02 4b 8b 04 19 49 bb
0x00007f85f84130ca:   e4 41 e9 01 86 7f 00 00 4c 33 d8 4c 33 d8 45 3b 

Register to memory mapping:

RAX=0x00007f8601e69ec0: <offset 0xd7dec0> in /usr/lib/jvm/java-7-openjdk-amd64/jre/lib/amd64/server/libjvm.so at 0x00007f86010ec000
RBX=0x00007f85fc2b19d8 is an unknown value
RCX=0x00007f86022e0320: <offset 0x219320> in /lib/x86_64-linux-gnu/libpthread.so.0 at 0x00007f86020c7000
RDX=0x0000000000000042 is an unknown value
RSP=0x00007f85a81437f8 is pointing into the stack for thread: 0x00007f85fc2b1800
RBP=0x00007f85a8143820 is pointing into the stack for thread: 0x00007f85fc2b1800
RSI=0x0000000000000000 is an unknown value
RDI=0x00007f85fc2b19d8 is an unknown value
R8 =0x0000000040000000 is an unknown value
R9 =0x0000000000000000 is an unknown value
R10=0x0000000000000026 is an unknown value
R11=0x00007f8601918730: <offset 0x82c730> in /usr/lib/jvm/java-7-openjdk-amd64/jre/lib/amd64/server/libjvm.so at 0x00007f86010ec000
R12=0x00007f8598052c80 is an unknown value
R13=0x0000000000000000 is an unknown value
R14=0x00007f85dcd8e4a0: <offset 0x2544a0> in /usr/lib/jvm/java-7-openjdk-amd64/jre/lib/amd64/xawt/libmawt.so at 0x00007f85dcb3a000
R15=0x00007f85fc2b1800 is a thread


Stack: [0x00007f85a8044000,0x00007f85a8145000],  sp=0x00007f85a81437f8,  free space=1021k
Native frames: (J=compiled Java code, j=interpreted, Vv=VM code, C=native code)
v  ~BufferBlob::jni_fast_GetLongField

Java frames: (J=compiled Java code, j=interpreted, Vv=VM code)
j  sun.awt.X11.XlibWrapper.XFilterEvent(JJ)Z+0
j  sun.awt.X11.XToolkit.run(Z)V+300
j  sun.awt.X11.XToolkit.run()V+5
j  java.lang.Thread.run()V+11
v  ~StubRoutines::call_stub

---------------  P R O C E S S  ---------------

Java Threads: ( => current thread )
  0x00007f855402f000 JavaThread "JDI Event Queue Timer" daemon [_thread_blocked, id=7853, stack(0x00007f85a2f62000,0x00007f85a3063000)]
  0x00007f8554025800 JavaThread "Thread-7" [_thread_in_native, id=7852, stack(0x00007f85a2a2b000,0x00007f85a2b2c000)]
  0x00007f8588002000 JavaThread "RMI TCP Connection(idle)" daemon [_thread_blocked, id=7687, stack(0x00007f85a1fdb000,0x00007f85a20dc000)]
  0x00007f8550005800 JavaThread "RMI RenewClean-[127.0.0.1:59548]" daemon [_thread_blocked, id=7614, stack(0x00007f85a20dc000,0x00007f85a21dd000)]
  0x00007f8588001000 JavaThread "RMI TCP Connection(idle)" daemon [_thread_blocked, id=7590, stack(0x00007f85a24e0000,0x00007f85a25e1000)]
  0x00007f855800b000 JavaThread "RMI Scheduler(0)" daemon [_thread_blocked, id=7570, stack(0x00007f85a22de000,0x00007f85a23df000)]
  0x00007f8584003000 JavaThread "RMI TCP Connection(idle)" daemon [_thread_blocked, id=7569, stack(0x00007f85a291d000,0x00007f85a2a1e000)]
  0x00007f8578024000 JavaThread "process reaper" daemon [_thread_blocked, id=7404, stack(0x00007f85a27e3000,0x00007f85a281c000)]
  0x00007f85fc488800 JavaThread "GC Daemon" daemon [_thread_blocked, id=7398, stack(0x00007f85a3063000,0x00007f85a3164000)]
  0x00007f85fc48a000 JavaThread "RMI Reaper" [_thread_blocked, id=7397, stack(0x00007f85a3164000,0x00007f85a3265000)]
  0x00007f85fc481000 JavaThread "RMI TCP Accept-0" daemon [_thread_in_native, id=7396, stack(0x00007f85a3265000,0x00007f85a3366000)]
  0x00007f85fc47f800 JavaThread "RMI TCP Accept-58719" daemon [_thread_in_native, id=7395, stack(0x00007f85a3366000,0x00007f85a3467000)]
  0x00007f859804d800 JavaThread "TimerQueue" daemon [_thread_blocked, id=7389, stack(0x00007f85a389d000,0x00007f85a399e000)]
  0x00007f85fc2b4800 JavaThread "AWT-EventQueue-0" [_thread_in_native, id=7388, stack(0x00007f85a399e000,0x00007f85a3a9f000)]
  0x00007f85fc2b3000 JavaThread "AWT-Shutdown" [_thread_blocked, id=7387, stack(0x00007f85a3a9f000,0x00007f85a3ba0000)]
=>0x00007f85fc2b1800 JavaThread "AWT-XAWT" daemon [_thread_in_native, id=7386, stack(0x00007f85a8044000,0x00007f85a8145000)]
  0x00007f85fc210800 JavaThread "Java2D Disposer" daemon [_thread_blocked, id=7385, stack(0x00007f85dc007000,0x00007f85dc108000)]
  0x00007f85fc0af800 JavaThread "Service Thread" daemon [_thread_blocked, id=7383, stack(0x00007f85dd160000,0x00007f85dd261000)]
  0x00007f85fc0ad000 JavaThread "C2 CompilerThread1" daemon [_thread_blocked, id=7382, stack(0x00007f85dd261000,0x00007f85dd362000)]
  0x00007f85fc0aa800 JavaThread "C2 CompilerThread0" daemon [_thread_blocked, id=7381, stack(0x00007f85dd362000,0x00007f85dd463000)]
  0x00007f85fc0a8000 JavaThread "Signal Dispatcher" daemon [_thread_blocked, id=7380, stack(0x00007f85dd463000,0x00007f85dd564000)]
  0x00007f85fc085800 JavaThread "Finalizer" daemon [_thread_blocked, id=7379, stack(0x00007f85ddd34000,0x00007f85dde35000)]
  0x00007f85fc083800 JavaThread "Reference Handler" daemon [_thread_blocked, id=7378, stack(0x00007f85dde35000,0x00007f85ddf36000)]
  0x00007f85fc00b000 JavaThread "main" [_thread_blocked, id=7368, stack(0x00007f8602bbf000,0x00007f8602cc0000)]

Other Threads:
  0x00007f85fc07f000 VMThread [stack: 0x00007f85ddf36000,0x00007f85de037000] [id=7377]
  0x00007f85fc0ba000 WatcherThread [stack: 0x00007f85dd05f000,0x00007f85dd160000] [id=7384]

VM state:not at safepoint (normal execution)

VM Mutex/Monitor currently owned by a thread: None

Heap
 PSYoungGen      total 28672K, used 14700K [0x00000000e0e80000, 0x00000000e4680000, 0x0000000100000000)
  eden space 25088K, 44% used [0x00000000e0e80000,0x00000000e195e6e8,0x00000000e2700000)
  from space 3584K, 99% used [0x00000000e2700000,0x00000000e2a7ca60,0x00000000e2a80000)
  to   space 3584K, 0% used [0x00000000e4300000,0x00000000e4300000,0x00000000e4680000)
 ParOldGen       total 63488K, used 6039K [0x00000000a2c00000, 0x00000000a6a00000, 0x00000000e0e80000)
  object space 63488K, 9% used [0x00000000a2c00000,0x00000000a31e5f18,0x00000000a6a00000)
 PSPermGen       total 35328K, used 25635K [0x0000000098600000, 0x000000009a880000, 0x00000000a2c00000)
  object space 35328K, 72% used [0x0000000098600000,0x0000000099f08ca8,0x000000009a880000)

Card table byte_map: [0x00007f85f807a000,0x00007f85f83b8000] byte_map_base: 0x00007f85f7bb7000

Polling page: 0x00007f8602cde000

Code Cache  [0x00007f85f83b8000, 0x00007f85f8628000, 0x00007f85fb3b8000)
 total_blobs=783 nmethods=218 adapters=518 free_code_cache=48128Kb largest_free_block=49250112

Compilation events (10 events):
Event: 3.159 Thread 0x00007f85fc0ad000 nmethod 217 0x00007f85f84bb890 code [0x00007f85f84bb9c0, 0x00007f85f84bba18]
Event: 3.159 Thread 0x00007f85fc0ad000  219             java.lang.StringCoding::access$000 (6 bytes)
Event: 3.159 Thread 0x00007f85fc0ad000 nmethod 219 0x00007f85f84bb690 code [0x00007f85f84bb7c0, 0x00007f85f84bb818]
Event: 3.160 Thread 0x00007f85fc0aa800 nmethod 218 0x00007f85f84bab50 code [0x00007f85f84bacc0, 0x00007f85f84bae78]
Event: 3.522 Thread 0x00007f85fc0ad000  220             java.io.ObjectOutputStream$BlockDataOutputStream::getUTFLength (124 bytes)
Event: 3.525 Thread 0x00007f85fc0ad000 nmethod 220 0x00007f85f84ba2d0 code [0x00007f85f84ba420, 0x00007f85f84ba838]
Event: 3.525 Thread 0x00007f85fc0ad000  221             java.io.ObjectOutputStream$BlockDataOutputStream::writeBytes (144 bytes)
Event: 3.529 Thread 0x00007f85fc0ad000 nmethod 221 0x00007f85f84b9a10 code [0x00007f85f84b9b80, 0x00007f85f84b9f88]
Event: 3.830 Thread 0x00007f85fc0aa800  222             java.util.ArrayList::iterator (10 bytes)
Event: 3.831 Thread 0x00007f85fc0aa800 nmethod 222 0x00007f85f8440850 code [0x00007f85f84409a0, 0x00007f85f8440a88]

GC Heap History (8 events):
Event: 0.993 GC heap before
{Heap before GC invocations=1 (full 0):
 PSYoungGen      total 28672K, used 13541K [0x00000000e0e80000, 0x00000000e2e00000, 0x0000000100000000)
  eden space 25088K, 53% used [0x00000000e0e80000,0x00000000e1bb9458,0x00000000e2700000)
  from space 3584K, 0% used [0x00000000e2a80000,0x00000000e2a80000,0x00000000e2e00000)
  to   space 3584K, 0% used [0x00000000e2700000,0x00000000e2700000,0x00000000e2a80000)
 ParOldGen       total 63488K, used 0K [0x00000000a2c00000, 0x00000000a6a00000, 0x00000000e0e80000)
  object space 63488K, 0% used [0x00000000a2c00000,0x00000000a2c00000,0x00000000a6a00000)
 PSPermGen       total 21504K, used 17490K [0x0000000098600000, 0x0000000099b00000, 0x00000000a2c00000)
  object space 21504K, 81% used [0x0000000098600000,0x0000000099714960,0x0000000099b00000)
Event: 1.016 GC heap after
Heap after GC invocations=1 (full 0):
 PSYoungGen      total 28672K, used 3581K [0x00000000e0e80000, 0x00000000e2e00000, 0x0000000100000000)
  eden space 25088K, 0% used [0x00000000e0e80000,0x00000000e0e80000,0x00000000e2700000)
  from space 3584K, 99% used [0x00000000e2700000,0x00000000e2a7f6a0,0x00000000e2a80000)
  to   space 3584K, 0% used [0x00000000e2a80000,0x00000000e2a80000,0x00000000e2e00000)
 ParOldGen       total 63488K, used 1233K [0x00000000a2c00000, 0x00000000a6a00000, 0x00000000e0e80000)
  object space 63488K, 1% used [0x00000000a2c00000,0x00000000a2d34768,0x00000000a6a00000)
 PSPermGen       total 21504K, used 17490K [0x0000000098600000, 0x0000000099b00000, 0x00000000a2c00000)
  object space 21504K, 81% used [0x0000000098600000,0x0000000099714960,0x0000000099b00000)
}
Event: 1.016 GC heap before
{Heap before GC invocations=2 (full 1):
 PSYoungGen      total 28672K, used 3581K [0x00000000e0e80000, 0x00000000e2e00000, 0x0000000100000000)
  eden space 25088K, 0% used [0x00000000e0e80000,0x00000000e0e80000,0x00000000e2700000)
  from space 3584K, 99% used [0x00000000e2700000,0x00000000e2a7f6a0,0x00000000e2a80000)
  to   space 3584K, 0% used [0x00000000e2a80000,0x00000000e2a80000,0x00000000e2e00000)
 ParOldGen       total 63488K, used 1233K [0x00000000a2c00000, 0x00000000a6a00000, 0x00000000e0e80000)
  object space 63488K, 1% used [0x00000000a2c00000,0x00000000a2d34768,0x00000000a6a00000)
 PSPermGen       total 21504K, used 17490K [0x0000000098600000, 0x0000000099b00000, 0x00000000a2c00000)
  object space 21504K, 81% used [0x0000000098600000,0x0000000099714960,0x0000000099b00000)
Event: 1.062 GC heap after
Heap after GC invocations=2 (full 1):
 PSYoungGen      total 28672K, used 0K [0x00000000e0e80000, 0x00000000e2e00000, 0x0000000100000000)
  eden space 25088K, 0% used [0x00000000e0e80000,0x00000000e0e80000,0x00000000e2700000)
  from space 3584K, 0% used [0x00000000e2700000,0x00000000e2700000,0x00000000e2a80000)
  to   space 3584K, 0% used [0x00000000e2a80000,0x00000000e2a80000,0x00000000e2e00000)
 ParOldGen       total 63488K, used 4289K [0x00000000a2c00000, 0x00000000a6a00000, 0x00000000e0e80000)
  object space 63488K, 6% used [0x00000000a2c00000,0x00000000a3030710,0x00000000a6a00000)
 PSPermGen       total 35328K, used 17485K [0x0000000098600000, 0x000000009a880000, 0x00000000a2c00000)
  object space 35328K, 49% used [0x0000000098600000,0x0000000099713558,0x000000009a880000)
}
Event: 1.893 GC heap before
{Heap before GC invocations=3 (full 1):
 PSYoungGen      total 28672K, used 25088K [0x00000000e0e80000, 0x00000000e2e00000, 0x0000000100000000)
  eden space 25088K, 100% used [0x00000000e0e80000,0x00000000e2700000,0x00000000e2700000)
  from space 3584K, 0% used [0x00000000e2700000,0x00000000e2700000,0x00000000e2a80000)
  to   space 3584K, 0% used [0x00000000e2a80000,0x00000000e2a80000,0x00000000e2e00000)
 ParOldGen       total 63488K, used 4289K [0x00000000a2c00000, 0x00000000a6a00000, 0x00000000e0e80000)
  object space 63488K, 6% used [0x00000000a2c00000,0x00000000a3030710,0x00000000a6a00000)
 PSPermGen       total 35328K, used 23187K [0x0000000098600000, 0x000000009a880000, 0x00000000a2c00000)
  object space 35328K, 65% used [0x0000000098600000,0x0000000099ca4f58,0x000000009a880000)
Event: 1.908 GC heap after
Heap after GC invocations=3 (full 1):
 PSYoungGen      total 28672K, used 3580K [0x00000000e0e80000, 0x00000000e4680000, 0x0000000100000000)
  eden space 25088K, 0% used [0x00000000e0e80000,0x00000000e0e80000,0x00000000e2700000)
  from space 3584K, 99% used [0x00000000e2a80000,0x00000000e2dff0c8,0x00000000e2e00000)
  to   space 3584K, 0% used [0x00000000e2700000,0x00000000e2700000,0x00000000e2a80000)
 ParOldGen       total 63488K, used 4936K [0x00000000a2c00000, 0x00000000a6a00000, 0x00000000e0e80000)
  object space 63488K, 7% used [0x00000000a2c00000,0x00000000a30d21b0,0x00000000a6a00000)
 PSPermGen       total 35328K, used 23187K [0x0000000098600000, 0x000000009a880000, 0x00000000a2c00000)
  object space 35328K, 65% used [0x0000000098600000,0x0000000099ca4f58,0x000000009a880000)
}
Event: 2.513 GC heap before
{Heap before GC invocations=4 (full 1):
 PSYoungGen      total 28672K, used 28668K [0x00000000e0e80000, 0x00000000e4680000, 0x0000000100000000)
  eden space 25088K, 100% used [0x00000000e0e80000,0x00000000e2700000,0x00000000e2700000)
  from space 3584K, 99% used [0x00000000e2a80000,0x00000000e2dff0c8,0x00000000e2e00000)
  to   space 3584K, 0% used [0x00000000e2700000,0x00000000e2700000,0x00000000e2a80000)
 ParOldGen       total 63488K, used 4936K [0x00000000a2c00000, 0x00000000a6a00000, 0x00000000e0e80000)
  object space 63488K, 7% used [0x00000000a2c00000,0x00000000a30d21b0,0x00000000a6a00000)
 PSPermGen       total 35328K, used 25315K [0x0000000098600000, 0x000000009a880000, 0x00000000a2c00000)
  object space 35328K, 71% used [0x0000000098600000,0x0000000099eb8f40,0x000000009a880000)
Event: 2.518 GC heap after
Heap after GC invocations=4 (full 1):
 PSYoungGen      total 28672K, used 3570K [0x00000000e0e80000, 0x00000000e4680000, 0x0000000100000000)
  eden space 25088K, 0% used [0x00000000e0e80000,0x00000000e0e80000,0x00000000e2700000)
  from space 3584K, 99% used [0x00000000e2700000,0x00000000e2a7ca60,0x00000000e2a80000)
  to   space 3584K, 0% used [0x00000000e4300000,0x00000000e4300000,0x00000000e4680000)
 ParOldGen       total 63488K, used 6039K [0x00000000a2c00000, 0x00000000a6a00000, 0x00000000e0e80000)
  object space 63488K, 9% used [0x00000000a2c00000,0x00000000a31e5f18,0x00000000a6a00000)
 PSPermGen       total 35328K, used 25315K [0x0000000098600000, 0x000000009a880000, 0x00000000a2c00000)
  object space 35328K, 71% used [0x0000000098600000,0x0000000099eb8f40,0x000000009a880000)
}

Deoptimization events (10 events):
Event: 0.843 Thread 0x00007f85fc00b000 Uncommon trap: reason=class_check action=maybe_recompile pc=0x00007f85f84409cc method=java.lang.String.equals(Ljava/lang/Object;)Z @ 8
Event: 0.967 Thread 0x00007f85fc00b000 Uncommon trap: reason=class_check action=maybe_recompile pc=0x00007f85f843e0b8 method=java.util.Properties$LineReader.readLine()I @ 402
Event: 1.313 Thread 0x00007f85fc2b4800 Uncommon trap: reason=unloaded action=reinterpret pc=0x00007f85f8473f2c method=java.lang.CharacterData.of(I)Ljava/lang/CharacterData; @ 96
Event: 1.363 Thread 0x00007f85fc2b4800 Uncommon trap: reason=bimorphic action=maybe_recompile pc=0x00007f85f845e12c method=java.util.Hashtable.put(Ljava/lang/Object;Ljava/lang/Object;)Ljava/lang/Object; @ 61
Event: 1.364 Thread 0x00007f85fc2b4800 Uncommon trap: reason=bimorphic action=maybe_recompile pc=0x00007f85f845e12c method=java.util.Hashtable.put(Ljava/lang/Object;Ljava/lang/Object;)Ljava/lang/Object; @ 61
Event: 1.364 Thread 0x00007f85fc2b4800 Uncommon trap: reason=bimorphic action=maybe_recompile pc=0x00007f85f845e12c method=java.util.Hashtable.put(Ljava/lang/Object;Ljava/lang/Object;)Ljava/lang/Object; @ 61
Event: 1.364 Thread 0x00007f85fc2b4800 Uncommon trap: reason=bimorphic action=maybe_recompile pc=0x00007f85f845e12c method=java.util.Hashtable.put(Ljava/lang/Object;Ljava/lang/Object;)Ljava/lang/Object; @ 61
Event: 1.376 Thread 0x00007f85fc2b4800 Uncommon trap: reason=predicate action=maybe_recompile pc=0x00007f85f844a810 method=java.util.Properties.load0(Ljava/util/Properties$LineReader;)V @ 15
Event: 1.376 Thread 0x00007f85fc2b4800 Uncommon trap: reason=class_check action=maybe_recompile pc=0x00007f85f8445d0c method=java.util.Properties.load0(Ljava/util/Properties$LineReader;)V @ 242
Event: 1.376 Thread 0x00007f85fc2b4800 Uncommon trap: reason=class_check action=maybe_recompile pc=0x00007f85f8445d0c method=java.util.Properties.load0(Ljava/util/Properties$LineReader;)V @ 242

Internal exceptions (10 events):
Event: 3.563 Thread 0x00007f8588002000 Threw 0x00000000e1832580 at /build/buildd/openjdk-7-7u51-2.4.6/build/openjdk/hotspot/src/share/vm/prims/jvm.cpp:1244
Event: 3.563 Thread 0x00007f8588002000 Threw 0x00000000e1832b10 at /build/buildd/openjdk-7-7u51-2.4.6/build/openjdk/hotspot/src/share/vm/prims/jvm.cpp:1244
Event: 3.564 Thread 0x00007f8588002000 Threw 0x00000000e1836b10 at /build/buildd/openjdk-7-7u51-2.4.6/build/openjdk/hotspot/src/share/vm/prims/jvm.cpp:1244
Event: 3.564 Thread 0x00007f8588002000 Threw 0x00000000e18371d8 at /build/buildd/openjdk-7-7u51-2.4.6/build/openjdk/hotspot/src/share/vm/prims/jvm.cpp:1244
Event: 3.567 Thread 0x00007f8588002000 Threw 0x00000000e184d0b0 at /build/buildd/openjdk-7-7u51-2.4.6/build/openjdk/hotspot/src/share/vm/prims/jvm.cpp:1244
Event: 3.567 Thread 0x00007f8588002000 Threw 0x00000000e184d978 at /build/buildd/openjdk-7-7u51-2.4.6/build/openjdk/hotspot/src/share/vm/prims/jvm.cpp:1244
Event: 3.568 Thread 0x00007f8588002000 Threw 0x00000000e1854950 at /build/buildd/openjdk-7-7u51-2.4.6/build/openjdk/hotspot/src/share/vm/prims/jvm.cpp:1244
Event: 3.568 Thread 0x00007f8588002000 Threw 0x00000000e1855148 at /build/buildd/openjdk-7-7u51-2.4.6/build/openjdk/hotspot/src/share/vm/prims/jvm.cpp:1244
Event: 3.570 Thread 0x00007f8588002000 Threw 0x00000000e18705b8 at /build/buildd/openjdk-7-7u51-2.4.6/build/openjdk/hotspot/src/share/vm/prims/jvm.cpp:1244
Event: 3.570 Thread 0x00007f8588002000 Threw 0x00000000e1870c48 at /build/buildd/openjdk-7-7u51-2.4.6/build/openjdk/hotspot/src/share/vm/prims/jvm.cpp:1244

Events (10 events):
Event: 13.732 Executing VM operation: RevokeBias
Event: 13.732 Executing VM operation: RevokeBias done
Event: 14.007 loading class 0x00007f85bc022f60
Event: 14.022 loading class 0x00007f85bc022f60 done
Event: 14.022 loading class 0x00007f85bc024bb0
Event: 14.023 Executing VM operation: RevokeBias
Event: 14.023 loading class 0x00007f85bc024bb0 done
Event: 14.023 Executing VM operation: RevokeBias done
Event: 14.023 Executing VM operation: RevokeBias
Event: 14.023 Executing VM operation: RevokeBias done


Dynamic libraries:
00400000-00401000 r-xp 00000000 ca:01 1581425                            /usr/lib/jvm/java-7-openjdk-amd64/jre/bin/java
00600000-00601000 r--p 00000000 ca:01 1581425                            /usr/lib/jvm/java-7-openjdk-amd64/jre/bin/java
00601000-00602000 rw-p 00001000 ca:01 1581425                            /usr/lib/jvm/java-7-openjdk-amd64/jre/bin/java
00d0f000-00d30000 rw-p 00000000 00:00 0                                  [heap]
98600000-9a880000 rw-p 00000000 00:00 0 
9a880000-a2c00000 rw-p 00000000 00:00 0 
a2c00000-a6a00000 rw-p 00000000 00:00 0 
a6a00000-e0e80000 rw-p 00000000 00:00 0 
e0e80000-e4680000 rw-p 00000000 00:00 0 
e4680000-100000000 rw-p 00000000 00:00 0 
7f853c000000-7f853c021000 rw-p 00000000 00:00 0 
7f853c021000-7f8540000000 ---p 00000000 00:00 0 
7f8544000000-7f8544021000 rw-p 00000000 00:00 0 
7f8544021000-7f8548000000 ---p 00000000 00:00 0 
7f8548000000-7f8548021000 rw-p 00000000 00:00 0 
7f8548021000-7f854c000000 ---p 00000000 00:00 0 
7f854c000000-7f854c021000 rw-p 00000000 00:00 0 
7f854c021000-7f8550000000 ---p 00000000 00:00 0 
7f8550000000-7f855002e000 rw-p 00000000 00:00 0 
7f855002e000-7f8554000000 ---p 00000000 00:00 0 
7f8554000000-7f8554031000 rw-p 00000000 00:00 0 
7f8554031000-7f8558000000 ---p 00000000 00:00 0 
7f8558000000-7f8558021000 rw-p 00000000 00:00 0 
7f8558021000-7f855c000000 ---p 00000000 00:00 0 
7f855c000000-7f855c021000 rw-p 00000000 00:00 0 
7f855c021000-7f8560000000 ---p 00000000 00:00 0 
7f8560000000-7f8560094000 rw-p 00000000 00:00 0 
7f8560094000-7f8564000000 ---p 00000000 00:00 0 
7f8564000000-7f8564021000 rw-p 00000000 00:00 0 
7f8564021000-7f8568000000 ---p 00000000 00:00 0 
7f8568000000-7f8568021000 rw-p 00000000 00:00 0 
7f8568021000-7f856c000000 ---p 00000000 00:00 0 
7f856c000000-7f856c021000 rw-p 00000000 00:00 0 
7f856c021000-7f8570000000 ---p 00000000 00:00 0 
7f8570000000-7f8570021000 rw-p 00000000 00:00 0 
7f8570021000-7f8574000000 ---p 00000000 00:00 0 
7f8574000000-7f8574021000 rw-p 00000000 00:00 0 
7f8574021000-7f8578000000 ---p 00000000 00:00 0 
7f8578000000-7f8578068000 rw-p 00000000 00:00 0 
7f8578068000-7f857c000000 ---p 00000000 00:00 0 
7f857c000000-7f857c021000 rw-p 00000000 00:00 0 
7f857c021000-7f8580000000 ---p 00000000 00:00 0 
7f8580000000-7f8580021000 rw-p 00000000 00:00 0 
7f8580021000-7f8584000000 ---p 00000000 00:00 0 
7f8584000000-7f8584021000 rw-p 00000000 00:00 0 
7f8584021000-7f8588000000 ---p 00000000 00:00 0 
7f8588000000-7f8588021000 rw-p 00000000 00:00 0 
7f8588021000-7f858c000000 ---p 00000000 00:00 0 
7f858c000000-7f858c021000 rw-p 00000000 00:00 0 
7f858c021000-7f8590000000 ---p 00000000 00:00 0 
7f8590000000-7f8590043000 rw-p 00000000 00:00 0 
7f8590043000-7f8594000000 ---p 00000000 00:00 0 
7f8594000000-7f8594021000 rw-p 00000000 00:00 0 
7f8594021000-7f8598000000 ---p 00000000 00:00 0 
7f8598000000-7f8598339000 rw-p 00000000 00:00 0 
7f8598339000-7f859c000000 ---p 00000000 00:00 0 
7f859c000000-7f859c021000 rw-p 00000000 00:00 0 
7f859c021000-7f85a0000000 ---p 00000000 00:00 0 
7f85a1dd9000-7f85a1ddc000 ---p 00000000 00:00 0 
7f85a1ddc000-7f85a1eda000 rw-p 00000000 00:00 0 
7f85a1eda000-7f85a1edd000 ---p 00000000 00:00 0 
7f85a1edd000-7f85a1fdb000 rw-p 00000000 00:00 0 
7f85a1fdb000-7f85a1fde000 ---p 00000000 00:00 0 
7f85a1fde000-7f85a20dc000 rw-p 00000000 00:00 0                          [stack:7687]
7f85a20dc000-7f85a20df000 ---p 00000000 00:00 0 
7f85a20df000-7f85a21dd000 rw-p 00000000 00:00 0                          [stack:7614]
7f85a21dd000-7f85a21e0000 ---p 00000000 00:00 0 
7f85a21e0000-7f85a22de000 rw-p 00000000 00:00 0 
7f85a22de000-7f85a22e1000 ---p 00000000 00:00 0 
7f85a22e1000-7f85a23df000 rw-p 00000000 00:00 0                          [stack:7570]
7f85a23df000-7f85a23e2000 ---p 00000000 00:00 0 
7f85a23e2000-7f85a24e0000 rw-p 00000000 00:00 0 
7f85a24e0000-7f85a24e3000 ---p 00000000 00:00 0 
7f85a24e3000-7f85a25e1000 rw-p 00000000 00:00 0                          [stack:7590]
7f85a25e1000-7f85a25e4000 ---p 00000000 00:00 0 
7f85a25e4000-7f85a26e2000 rw-p 00000000 00:00 0 
7f85a26e2000-7f85a26e5000 ---p 00000000 00:00 0 
7f85a26e5000-7f85a27e3000 rw-p 00000000 00:00 0 
7f85a27e3000-7f85a27e6000 ---p 00000000 00:00 0 
7f85a27e6000-7f85a281c000 rw-p 00000000 00:00 0                          [stack:7404]
7f85a281c000-7f85a281f000 ---p 00000000 00:00 0 
7f85a281f000-7f85a291d000 rw-p 00000000 00:00 0 
7f85a291d000-7f85a2920000 ---p 00000000 00:00 0 
7f85a2920000-7f85a2a1e000 rw-p 00000000 00:00 0                          [stack:7569]
7f85a2a2b000-7f85a2a2e000 ---p 00000000 00:00 0 
7f85a2a2e000-7f85a2b2c000 rw-p 00000000 00:00 0                          [stack:7852]
7f85a2b2c000-7f85a2b2f000 ---p 00000000 00:00 0 
7f85a2b2f000-7f85a2c2d000 rw-p 00000000 00:00 0 
7f85a2c2d000-7f85a2c30000 ---p 00000000 00:00 0 
7f85a2c30000-7f85a2d2e000 rw-p 00000000 00:00 0 
7f85a2d2e000-7f85a2d33000 r-xp 00000000 ca:01 1976234                    /lib/x86_64-linux-gnu/libnss_dns-2.19.so
7f85a2d33000-7f85a2f32000 ---p 00005000 ca:01 1976234                    /lib/x86_64-linux-gnu/libnss_dns-2.19.so
7f85a2f32000-7f85a2f33000 r--p 00004000 ca:01 1976234                    /lib/x86_64-linux-gnu/libnss_dns-2.19.so
7f85a2f33000-7f85a2f34000 rw-p 00005000 ca:01 1976234                    /lib/x86_64-linux-gnu/libnss_dns-2.19.so
7f85a2f62000-7f85a2f65000 ---p 00000000 00:00 0 
7f85a2f65000-7f85a3063000 rw-p 00000000 00:00 0                          [stack:7853]
7f85a3063000-7f85a3066000 ---p 00000000 00:00 0 
7f85a3066000-7f85a3164000 rw-p 00000000 00:00 0                          [stack:7398]
7f85a3164000-7f85a3167000 ---p 00000000 00:00 0 
7f85a3167000-7f85a3265000 rw-p 00000000 00:00 0                          [stack:7397]
7f85a3265000-7f85a3268000 ---p 00000000 00:00 0 
7f85a3268000-7f85a3366000 rw-p 00000000 00:00 0                          [stack:7396]
7f85a3366000-7f85a3369000 ---p 00000000 00:00 0 
7f85a3369000-7f85a3467000 rw-p 00000000 00:00 0                          [stack:7395]
7f85a3467000-7f85a3468000 r--s 00003000 ca:01 803365                     /usr/share/greenfoot/opencsv-2.3.jar
7f85a3468000-7f85a346a000 r--s 00021000 ca:01 803368                     /usr/share/greenfoot/jl1.0.1.jar
7f85a346a000-7f85a346c000 r--s 0000a000 ca:01 803397                     /usr/share/greenfoot/commons-codec-1.3.jar
7f85a346c000-7f85a3472000 r--s 00045000 ca:01 803366                     /usr/share/greenfoot/commons-httpclient-3.1.jar
7f85a3472000-7f85a3478000 r--s 00034000 ca:01 803322                     /usr/share/greenfoot/junit-4.8.2.jar
7f85a3478000-7f85a347b000 ---p 00000000 00:00 0 
7f85a347b000-7f85a3579000 rw-p 00000000 00:00 0 
7f85a3579000-7f85a3582000 r--s 00069000 ca:01 932519                     /usr/share/greenfoot/extensions/submitter.jar
7f85a3582000-7f85a358d000 r--s 00000000 ca:01 398885                     /var/cache/fontconfig/945677eb7aeaf62f1d50efc3fb3ec7d8-le64.cache-4
7f85a358d000-7f85a3593000 r--s 00000000 ca:01 398883                     /var/cache/fontconfig/2cd17615ca594fa2959ae173292e504c-le64.cache-4
7f85a3593000-7f85a359a000 r--s 00000000 ca:01 398880                     /var/cache/fontconfig/a755afe4a08bf5b97852ceb7400b47bc-le64.cache-4
7f85a359a000-7f85a35ae000 r--s 00000000 ca:01 398879                     /var/cache/fontconfig/04aabc0a78ac019cf9454389977116d2-le64.cache-4
7f85a35ae000-7f85a35ff000 r-xp 00000000 ca:01 932161                     /usr/lib/jvm/java-7-openjdk-amd64/jre/lib/amd64/libfontmanager.so
7f85a35ff000-7f85a37fe000 ---p 00051000 ca:01 932161                     /usr/lib/jvm/java-7-openjdk-amd64/jre/lib/amd64/libfontmanager.so
7f85a37fe000-7f85a3801000 r--p 00050000 ca:01 932161                     /usr/lib/jvm/java-7-openjdk-amd64/jre/lib/amd64/libfontmanager.so
7f85a3801000-7f85a3802000 rw-p 00053000 ca:01 932161                     /usr/lib/jvm/java-7-openjdk-amd64/jre/lib/amd64/libfontmanager.so
7f85a3802000-7f85a389d000 rw-s 00000000 00:04 25886751                   /SYSV00000000 (deleted)
7f85a389d000-7f85a38a0000 ---p 00000000 00:00 0 
7f85a38a0000-7f85a399e000 rw-p 00000000 00:00 0                          [stack:7389]
7f85a399e000-7f85a39a1000 ---p 00000000 00:00 0 
7f85a39a1000-7f85a3a9f000 rw-p 00000000 00:00 0                          [stack:7388]
7f85a3a9f000-7f85a3aa2000 ---p 00000000 00:00 0 
7f85a3aa2000-7f85a3ba0000 rw-p 00000000 00:00 0                          [stack:7387]
7f85a3ba0000-7f85a3be3000 r-xp 00000000 ca:01 272383                     /usr/lib/x86_64-linux-gnu/libjpeg.so.8.0.2
7f85a3be3000-7f85a3de3000 ---p 00043000 ca:01 272383                     /usr/lib/x86_64-linux-gnu/libjpeg.so.8.0.2
7f85a3de3000-7f85a3de4000 r--p 00043000 ca:01 272383                     /usr/lib/x86_64-linux-gnu/libjpeg.so.8.0.2
7f85a3de4000-7f85a3de5000 rw-p 00044000 ca:01 272383                     /usr/lib/x86_64-linux-gnu/libjpeg.so.8.0.2
7f85a3de5000-7f85a3df5000 rw-p 00000000 00:00 0 
7f85a3df5000-7f85a3dff000 r-xp 00000000 ca:01 932159                     /usr/lib/jvm/java-7-openjdk-amd64/jre/lib/amd64/libjavajpeg.so
7f85a3dff000-7f85a3ffe000 ---p 0000a000 ca:01 932159                     /usr/lib/jvm/java-7-openjdk-amd64/jre/lib/amd64/libjavajpeg.so
7f85a3ffe000-7f85a3fff000 r--p 00009000 ca:01 932159                     /usr/lib/jvm/java-7-openjdk-amd64/jre/lib/amd64/libjavajpeg.so
7f85a3fff000-7f85a4000000 rw-p 0000a000 ca:01 932159                     /usr/lib/jvm/java-7-openjdk-amd64/jre/lib/amd64/libjavajpeg.so
7f85a4000000-7f85a4021000 rw-p 00000000 00:00 0 
7f85a4021000-7f85a8000000 ---p 00000000 00:00 0 
7f85a8000000-7f85a8001000 r--s 0000c000 ca:01 803385                     /usr/share/greenfoot/commons-logging-api-1.1.2.jar
7f85a8001000-7f85a8002000 r--s 00000000 ca:01 398886                     /var/cache/fontconfig/c05880de57d1f5e948fdfacc138775d9-le64.cache-4
7f85a8002000-7f85a8003000 r--s 00000000 ca:01 398882                     /var/cache/fontconfig/e7071f4a29fa870f4323321c154eba04-le64.cache-4
7f85a8003000-7f85a8004000 r--s 00000000 ca:01 398881                     /var/cache/fontconfig/0d8c3b2ac0904cb8a57a757ad11a4a08-le64.cache-4
7f85a8004000-7f85a8005000 r--s 00000000 ca:01 398878                     /var/cache/fontconfig/1ac9eb803944fde146138c791f5cc56a-le64.cache-4
7f85a8005000-7f85a800a000 r--s 00000000 ca:01 398877                     /var/cache/fontconfig/eb48934c523a49add3824bfad8846c40-le64.cache-4
7f85a800a000-7f85a800f000 r--s 00000000 ca:01 398876                     /var/cache/fontconfig/385c0604a188198f04d133e54aba7fe7-le64.cache-4
7f85a800f000-7f85a8011000 r--s 00000000 ca:01 398850                     /var/cache/fontconfig/767a8244fc0220cfb567a839d0392e0b-le64.cache-4
7f85a8011000-7f85a8016000 r--s 00000000 ca:01 398872                     /var/cache/fontconfig/8801497958630a81b71ace7c5f9b32a8-le64.cache-4
7f85a8016000-7f85a801d000 r--s 00000000 ca:01 398871                     /var/cache/fontconfig/3047814df9a2f067bd2d96a2b9c36e5a-le64.cache-4
7f85a801d000-7f85a8030000 r--s 00000000 ca:01 398867                     /var/cache/fontconfig/d52a8644073d54c13679302ca1180695-le64.cache-4
7f85a8030000-7f85a8044000 r--s 00156000 ca:01 803383                     /usr/share/greenfoot/bluejcore.jar
7f85a8044000-7f85a8047000 ---p 00000000 00:00 0 
7f85a8047000-7f85a8145000 rw-p 00000000 00:00 0                          [stack:7386]
7f85a8145000-7f85a815b000 r-xp 00000000 ca:01 931807                     /usr/lib/jvm/java-7-openjdk-amd64/jre/lib/amd64/libnet.so
7f85a815b000-7f85a835b000 ---p 00016000 ca:01 931807                     /usr/lib/jvm/java-7-openjdk-amd64/jre/lib/amd64/libnet.so
7f85a835b000-7f85a835c000 r--p 00016000 ca:01 931807                     /usr/lib/jvm/java-7-openjdk-amd64/jre/lib/amd64/libnet.so
7f85a835c000-7f85a835d000 rw-p 00017000 ca:01 931807                     /usr/lib/jvm/java-7-openjdk-amd64/jre/lib/amd64/libnet.so
7f85a835d000-7f85a836d000 r-xp 00000000 ca:01 932171                     /usr/lib/jvm/java-7-openjdk-amd64/jre/lib/amd64/libnio.so
7f85a836d000-7f85a856d000 ---p 00010000 ca:01 932171                     /usr/lib/jvm/java-7-openjdk-amd64/jre/lib/amd64/libnio.so
7f85a856d000-7f85a856e000 r--p 00010000 ca:01 932171                     /usr/lib/jvm/java-7-openjdk-amd64/jre/lib/amd64/libnio.so
7f85a856e000-7f85a856f000 rw-p 00011000 ca:01 932171                     /usr/lib/jvm/java-7-openjdk-amd64/jre/lib/amd64/libnio.so
7f85a856f000-7f85a8573000 r-xp 00000000 ca:01 1970239                    /lib/x86_64-linux-gnu/libgpg-error.so.0.10.0
7f85a8573000-7f85a8772000 ---p 00004000 ca:01 1970239                    /lib/x86_64-linux-gnu/libgpg-error.so.0.10.0
7f85a8772000-7f85a8773000 r--p 00003000 ca:01 1970239                    /lib/x86_64-linux-gnu/libgpg-error.so.0.10.0
7f85a8773000-7f85a8774000 rw-p 00004000 ca:01 1970239                    /lib/x86_64-linux-gnu/libgpg-error.so.0.10.0
7f85a8774000-7f85a8776000 r-xp 00000000 ca:01 1970249                    /lib/x86_64-linux-gnu/libkeyutils.so.1.4
7f85a8776000-7f85a8976000 ---p 00002000 ca:01 1970249                    /lib/x86_64-linux-gnu/libkeyutils.so.1.4
7f85a8976000-7f85a8977000 r--p 00002000 ca:01 1970249                    /lib/x86_64-linux-gnu/libkeyutils.so.1.4
7f85a8977000-7f85a8978000 rw-p 00003000 ca:01 1970249                    /lib/x86_64-linux-gnu/libkeyutils.so.1.4
7f85a8978000-7f85a899c000 r-xp 00000000 ca:01 264277                     /usr/lib/x86_64-linux-gnu/libgraphite2.so.3.0.1
7f85a899c000-7f85a8b9b000 ---p 00024000 ca:01 264277                     /usr/lib/x86_64-linux-gnu/libgraphite2.so.3.0.1
7f85a8b9b000-7f85a8b9d000 r--p 00023000 ca:01 264277                     /usr/lib/x86_64-linux-gnu/libgraphite2.so.3.0.1
7f85a8b9d000-7f85a8b9e000 rw-p 00025000 ca:01 264277                     /usr/lib/x86_64-linux-gnu/libgraphite2.so.3.0.1
7f85a8b9e000-7f85a8be2000 r-xp 00000000 ca:01 1975367                    /lib/x86_64-linux-gnu/libdbus-1.so.3.7.6
7f85a8be2000-7f85a8de1000 ---p 00044000 ca:01 1975367                    /lib/x86_64-linux-gnu/libdbus-1.so.3.7.6
7f85a8de1000-7f85a8de2000 r--p 00043000 ca:01 1975367                    /lib/x86_64-linux-gnu/libdbus-1.so.3.7.6
7f85a8de2000-7f85a8de3000 rw-p 00044000 ca:01 1975367                    /lib/x86_64-linux-gnu/libdbus-1.so.3.7.6
7f85a8de3000-7f85a8e1e000 r-xp 00000000 ca:01 272510                     /usr/lib/x86_64-linux-gnu/libp11-kit.so.0.0.0
7f85a8e1e000-7f85a901d000 ---p 0003b000 ca:01 272510                     /usr/lib/x86_64-linux-gnu/libp11-kit.so.0.0.0
7f85a901d000-7f85a9023000 r--p 0003a000 ca:01 272510                     /usr/lib/x86_64-linux-gnu/libp11-kit.so.0.0.0
7f85a9023000-7f85a9025000 rw-p 00040000 ca:01 272510                     /usr/lib/x86_64-linux-gnu/libp11-kit.so.0.0.0
7f85a9025000-7f85a9037000 r-xp 00000000 ca:01 264095                     /usr/lib/x86_64-linux-gnu/libtasn1.so.6.2.0
7f85a9037000-7f85a9237000 ---p 00012000 ca:01 264095                     /usr/lib/x86_64-linux-gnu/libtasn1.so.6.2.0
7f85a9237000-7f85a9238000 r--p 00012000 ca:01 264095                     /usr/lib/x86_64-linux-gnu/libtasn1.so.6.2.0
7f85a9238000-7f85a9239000 rw-p 00013000 ca:01 264095                     /usr/lib/x86_64-linux-gnu/libtasn1.so.6.2.0
7f85a9239000-7f85a92b5000 r-xp 00000000 ca:01 1970283                    /lib/x86_64-linux-gnu/libgcrypt.so.11.8.2
7f85a92b5000-7f85a94b5000 ---p 0007c000 ca:01 1970283                    /lib/x86_64-linux-gnu/libgcrypt.so.11.8.2
7f85a94b5000-7f85a94b6000 r--p 0007c000 ca:01 1970283                    /lib/x86_64-linux-gnu/libgcrypt.so.11.8.2
7f85a94b6000-7f85a94b9000 rw-p 0007d000 ca:01 1970283                    /lib/x86_64-linux-gnu/libgcrypt.so.11.8.2
7f85a94b9000-7f85a94c3000 r-xp 00000000 ca:01 264106                     /usr/lib/x86_64-linux-gnu/libkrb5support.so.0.1
7f85a94c3000-7f85a96c2000 ---p 0000a000 ca:01 264106                     /usr/lib/x86_64-linux-gnu/libkrb5support.so.0.1
7f85a96c2000-7f85a96c3000 r--p 00009000 ca:01 264106                     /usr/lib/x86_64-linux-gnu/libkrb5support.so.0.1
7f85a96c3000-7f85a96c4000 rw-p 0000a000 ca:01 264106                     /usr/lib/x86_64-linux-gnu/libkrb5support.so.0.1
7f85a96c4000-7f85a96c7000 r-xp 00000000 ca:01 1970234                    /lib/x86_64-linux-gnu/libcom_err.so.2.1
7f85a96c7000-7f85a98c6000 ---p 00003000 ca:01 1970234                    /lib/x86_64-linux-gnu/libcom_err.so.2.1
7f85a98c6000-7f85a98c7000 r--p 00002000 ca:01 1970234                    /lib/x86_64-linux-gnu/libcom_err.so.2.1
7f85a98c7000-7f85a98c8000 rw-p 00003000 ca:01 1970234                    /lib/x86_64-linux-gnu/libcom_err.so.2.1
7f85a98c8000-7f85a98f4000 r-xp 00000000 ca:01 265815                     /usr/lib/x86_64-linux-gnu/libk5crypto.so.3.1
7f85a98f4000-7f85a9af3000 ---p 0002c000 ca:01 265815                     /usr/lib/x86_64-linux-gnu/libk5crypto.so.3.1
7f85a9af3000-7f85a9af5000 r--p 0002b000 ca:01 265815                     /usr/lib/x86_64-linux-gnu/libk5crypto.so.3.1
7f85a9af5000-7f85a9af6000 rw-p 0002d000 ca:01 265815                     /usr/lib/x86_64-linux-gnu/libk5crypto.so.3.1
7f85a9af6000-7f85a9af7000 rw-p 00000000 00:00 0 
7f85a9af7000-7f85a9bb3000 r-xp 00000000 ca:01 264104                     /usr/lib/x86_64-linux-gnu/libkrb5.so.3.3
7f85a9bb3000-7f85a9db3000 ---p 000bc000 ca:01 264104                     /usr/lib/x86_64-linux-gnu/libkrb5.so.3.3
7f85a9db3000-7f85a9dc0000 r--p 000bc000 ca:01 264104                     /usr/lib/x86_64-linux-gnu/libkrb5.so.3.3
7f85a9dc0000-7f85a9dc2000 rw-p 000c9000 ca:01 264104                     /usr/lib/x86_64-linux-gnu/libkrb5.so.3.3
7f85a9dc2000-7f85a9dc8000 r-xp 00000000 ca:01 271974                     /usr/lib/x86_64-linux-gnu/libdatrie.so.1.3.1
7f85a9dc8000-7f85a9fc7000 ---p 00006000 ca:01 271974                     /usr/lib/x86_64-linux-gnu/libdatrie.so.1.3.1
7f85a9fc7000-7f85a9fc8000 r--p 00005000 ca:01 271974                     /usr/lib/x86_64-linux-gnu/libdatrie.so.1.3.1
7f85a9fc8000-7f85a9fc9000 rw-p 00006000 ca:01 271974                     /usr/lib/x86_64-linux-gnu/libdatrie.so.1.3.1
7f85a9fc9000-7f85aa01c000 r-xp 00000000 ca:01 264279                     /usr/lib/x86_64-linux-gnu/libharfbuzz.so.0.927.0
7f85aa01c000-7f85aa21c000 ---p 00053000 ca:01 264279                     /usr/lib/x86_64-linux-gnu/libharfbuzz.so.0.927.0
7f85aa21c000-7f85aa21d000 r--p 00053000 ca:01 264279                     /usr/lib/x86_64-linux-gnu/libharfbuzz.so.0.927.0
7f85aa21d000-7f85aa21e000 rw-p 00054000 ca:01 264279                     /usr/lib/x86_64-linux-gnu/libharfbuzz.so.0.927.0
7f85aa21e000-7f85aa226000 r-xp 00000000 ca:01 272837                     /usr/lib/x86_64-linux-gnu/libxcb-render.so.0.0.0
7f85aa226000-7f85aa425000 ---p 00008000 ca:01 272837                     /usr/lib/x86_64-linux-gnu/libxcb-render.so.0.0.0
7f85aa425000-7f85aa426000 r--p 00007000 ca:01 272837                     /usr/lib/x86_64-linux-gnu/libxcb-render.so.0.0.0
7f85aa426000-7f85aa427000 rw-p 00008000 ca:01 272837                     /usr/lib/x86_64-linux-gnu/libxcb-render.so.0.0.0
7f85aa427000-7f85aa429000 r-xp 00000000 ca:01 272841                     /usr/lib/x86_64-linux-gnu/libxcb-shm.so.0.0.0
7f85aa429000-7f85aa628000 ---p 00002000 ca:01 272841                     /usr/lib/x86_64-linux-gnu/libxcb-shm.so.0.0.0
7f85aa628000-7f85aa629000 r--p 00001000 ca:01 272841                     /usr/lib/x86_64-linux-gnu/libxcb-shm.so.0.0.0
7f85aa629000-7f85aa62a000 rw-p 00002000 ca:01 272841                     /usr/lib/x86_64-linux-gnu/libxcb-shm.so.0.0.0
7f85aa62a000-7f85aa64f000 r-xp 00000000 ca:01 1970280                    /lib/x86_64-linux-gnu/libpng12.so.0.50.0
7f85aa64f000-7f85aa84e000 ---p 00025000 ca:01 1970280                    /lib/x86_64-linux-gnu/libpng12.so.0.50.0
7f85aa84e000-7f85aa84f000 r--p 00024000 ca:01 1970280                    /lib/x86_64-linux-gnu/libpng12.so.0.50.0
7f85aa84f000-7f85aa850000 rw-p 00025000 ca:01 1970280                    /lib/x86_64-linux-gnu/libpng12.so.0.50.0
7f85aa850000-7f85aa8f0000 r-xp 00000000 ca:01 263248                     /usr/lib/x86_64-linux-gnu/libpixman-1.so.0.30.2
7f85aa8f0000-7f85aaaf0000 ---p 000a0000 ca:01 263248                     /usr/lib/x86_64-linux-gnu/libpixman-1.so.0.30.2
7f85aaaf0000-7f85aaaf7000 r--p 000a0000 ca:01 263248                     /usr/lib/x86_64-linux-gnu/libpixman-1.so.0.30.2
7f85aaaf7000-7f85aaaf8000 rw-p 000a7000 ca:01 263248                     /usr/lib/x86_64-linux-gnu/libpixman-1.so.0.30.2
7f85aaaf8000-7f85aaafd000 r-xp 00000000 ca:01 271774                     /usr/lib/x86_64-linux-gnu/libXdmcp.so.6.0.0
7f85aaafd000-7f85aacfc000 ---p 00005000 ca:01 271774                     /usr/lib/x86_64-linux-gnu/libXdmcp.so.6.0.0
7f85aacfc000-7f85aacfd000 r--p 00004000 ca:01 271774                     /usr/lib/x86_64-linux-gnu/libXdmcp.so.6.0.0
7f85aacfd000-7f85aacfe000 rw-p 00005000 ca:01 271774                     /usr/lib/x86_64-linux-gnu/libXdmcp.so.6.0.0
7f85aacfe000-7f85aad00000 r-xp 00000000 ca:01 271763                     /usr/lib/x86_64-linux-gnu/libXau.so.6.0.0
7f85aad00000-7f85aaf00000 ---p 00002000 ca:01 271763                     /usr/lib/x86_64-linux-gnu/libXau.so.6.0.0
7f85aaf00000-7f85aaf01000 r--p 00002000 ca:01 271763                     /usr/lib/x86_64-linux-gnu/libXau.so.6.0.0
7f85aaf01000-7f85aaf02000 rw-p 00003000 ca:01 271763                     /usr/lib/x86_64-linux-gnu/libXau.so.6.0.0
7f85aaf02000-7f85aaf11000 r-xp 00000000 ca:01 264088                     /usr/lib/x86_64-linux-gnu/libavahi-client.so.3.2.9
7f85aaf11000-7f85ab111000 ---p 0000f000 ca:01 264088                     /usr/lib/x86_64-linux-gnu/libavahi-client.so.3.2.9
7f85ab111000-7f85ab112000 r--p 0000f000 ca:01 264088                     /usr/lib/x86_64-linux-gnu/libavahi-client.so.3.2.9
7f85ab112000-7f85ab113000 rw-p 00010000 ca:01 264088                     /usr/lib/x86_64-linux-gnu/libavahi-client.so.3.2.9
7f85ab113000-7f85ab11e000 r-xp 00000000 ca:01 264086                     /usr/lib/x86_64-linux-gnu/libavahi-common.so.3.5.3
7f85ab11e000-7f85ab31d000 ---p 0000b000 ca:01 264086                     /usr/lib/x86_64-linux-gnu/libavahi-common.so.3.5.3
7f85ab31d000-7f85ab31e000 r--p 0000a000 ca:01 264086                     /usr/lib/x86_64-linux-gnu/libavahi-common.so.3.5.3
7f85ab31e000-7f85ab31f000 rw-p 0000b000 ca:01 264086                     /usr/lib/x86_64-linux-gnu/libavahi-common.so.3.5.3
7f85ab31f000-7f85ab3d6000 r-xp 00000000 ca:01 262197                     /usr/lib/x86_64-linux-gnu/libgnutls.so.26.22.6
7f85ab3d6000-7f85ab5d6000 ---p 000b7000 ca:01 262197                     /usr/lib/x86_64-linux-gnu/libgnutls.so.26.22.6
7f85ab5d6000-7f85ab5dc000 r--p 000b7000 ca:01 262197                     /usr/lib/x86_64-linux-gnu/libgnutls.so.26.22.6
7f85ab5dc000-7f85ab5dd000 rw-p 000bd000 ca:01 262197                     /usr/lib/x86_64-linux-gnu/libgnutls.so.26.22.6
7f85ab5dd000-7f85ab5de000 rw-p 00000000 00:00 0 
7f85ab5de000-7f85ab622000 r-xp 00000000 ca:01 264102                     /usr/lib/x86_64-linux-gnu/libgssapi_krb5.so.2.2
7f85ab622000-7f85ab822000 ---p 00044000 ca:01 264102                     /usr/lib/x86_64-linux-gnu/libgssapi_krb5.so.2.2
7f85ab822000-7f85ab823000 r--p 00044000 ca:01 264102                     /usr/lib/x86_64-linux-gnu/libgssapi_krb5.so.2.2
7f85ab823000-7f85ab825000 rw-p 00045000 ca:01 264102                     /usr/lib/x86_64-linux-gnu/libgssapi_krb5.so.2.2
7f85ab825000-7f85ab862000 r-xp 00000000 ca:01 1966085                    /lib/x86_64-linux-gnu/libpcre.so.3.13.1
7f85ab862000-7f85aba61000 ---p 0003d000 ca:01 1966085                    /lib/x86_64-linux-gnu/libpcre.so.3.13.1
7f85aba61000-7f85aba62000 r--p 0003c000 ca:01 1966085                    /lib/x86_64-linux-gnu/libpcre.so.3.13.1
7f85aba62000-7f85aba63000 rw-p 0003d000 ca:01 1966085                    /lib/x86_64-linux-gnu/libpcre.so.3.13.1
7f85aba63000-7f85aba6a000 r-xp 00000000 ca:01 262208                     /usr/lib/x86_64-linux-gnu/libffi.so.6.0.1
7f85aba6a000-7f85abc69000 ---p 00007000 ca:01 262208                     /usr/lib/x86_64-linux-gnu/libffi.so.6.0.1
7f85abc69000-7f85abc6a000 r--p 00006000 ca:01 262208                     /usr/lib/x86_64-linux-gnu/libffi.so.6.0.1
7f85abc6a000-7f85abc6b000 rw-p 00007000 ca:01 262208                     /usr/lib/x86_64-linux-gnu/libffi.so.6.0.1
7f85abc6b000-7f85abc92000 r-xp 00000000 ca:01 1970245                    /lib/x86_64-linux-gnu/libexpat.so.1.6.0
7f85abc92000-7f85abe92000 ---p 00027000 ca:01 1970245                    /lib/x86_64-linux-gnu/libexpat.so.1.6.0
7f85abe92000-7f85abe94000 r--p 00027000 ca:01 1970245                    /lib/x86_64-linux-gnu/libexpat.so.1.6.0
7f85abe94000-7f85abe95000 rw-p 00029000 ca:01 1970245                    /lib/x86_64-linux-gnu/libexpat.so.1.6.0
7f85abe95000-7f85abf32000 r-xp 00000000 ca:01 262275                     /usr/lib/x86_64-linux-gnu/libfreetype.so.6.11.1
7f85abf32000-7f85ac131000 ---p 0009d000 ca:01 262275                     /usr/lib/x86_64-linux-gnu/libfreetype.so.6.11.1
7f85ac131000-7f85ac137000 r--p 0009c000 ca:01 262275                     /usr/lib/x86_64-linux-gnu/libfreetype.so.6.11.1
7f85ac137000-7f85ac138000 rw-p 000a2000 ca:01 262275                     /usr/lib/x86_64-linux-gnu/libfreetype.so.6.11.1
7f85ac138000-7f85ac140000 r-xp 00000000 ca:01 272711                     /usr/lib/x86_64-linux-gnu/libthai.so.0.2.0
7f85ac140000-7f85ac33f000 ---p 00008000 ca:01 272711                     /usr/lib/x86_64-linux-gnu/libthai.so.0.2.0
7f85ac33f000-7f85ac340000 r--p 00007000 ca:01 272711                     /usr/lib/x86_64-linux-gnu/libthai.so.0.2.0
7f85ac340000-7f85ac341000 rw-p 00008000 ca:01 272711                     /usr/lib/x86_64-linux-gnu/libthai.so.0.2.0
7f85ac341000-7f85ac358000 r-xp 00000000 ca:01 1976225                    /lib/x86_64-linux-gnu/libresolv-2.19.so
7f85ac358000-7f85ac558000 ---p 00017000 ca:01 1976225                    /lib/x86_64-linux-gnu/libresolv-2.19.so
7f85ac558000-7f85ac559000 r--p 00017000 ca:01 1976225                    /lib/x86_64-linux-gnu/libresolv-2.19.so
7f85ac559000-7f85ac55a000 rw-p 00018000 ca:01 1976225                    /lib/x86_64-linux-gnu/libresolv-2.19.so
7f85ac55a000-7f85ac55c000 rw-p 00000000 00:00 0 
7f85ac55c000-7f85ac57c000 r-xp 00000000 ca:01 1970184                    /lib/x86_64-linux-gnu/libselinux.so.1
7f85ac57c000-7f85ac77b000 ---p 00020000 ca:01 1970184                    /lib/x86_64-linux-gnu/libselinux.so.1
7f85ac77b000-7f85ac77c000 r--p 0001f000 ca:01 1970184                    /lib/x86_64-linux-gnu/libselinux.so.1
7f85ac77c000-7f85ac77d000 rw-p 00020000 ca:01 1970184                    /lib/x86_64-linux-gnu/libselinux.so.1
7f85ac77d000-7f85ac77f000 rw-p 00000000 00:00 0 
7f85ac77f000-7f85ac781000 r-xp 00000000 ca:01 271772                     /usr/lib/x86_64-linux-gnu/libXdamage.so.1.1.0
7f85ac781000-7f85ac980000 ---p 00002000 ca:01 271772                     /usr/lib/x86_64-linux-gnu/libXdamage.so.1.1.0
7f85ac980000-7f85ac981000 r--p 00001000 ca:01 271772                     /usr/lib/x86_64-linux-gnu/libXdamage.so.1.1.0
7f85ac981000-7f85ac982000 rw-p 00002000 ca:01 271772                     /usr/lib/x86_64-linux-gnu/libXdamage.so.1.1.0
7f85ac982000-7f85ac984000 r-xp 00000000 ca:01 271768                     /usr/lib/x86_64-linux-gnu/libXcomposite.so.1.0.0
7f85ac984000-7f85acb83000 ---p 00002000 ca:01 271768                     /usr/lib/x86_64-linux-gnu/libXcomposite.so.1.0.0
7f85acb83000-7f85acb84000 r--p 00001000 ca:01 271768                     /usr/lib/x86_64-linux-gnu/libXcomposite.so.1.0.0
7f85acb84000-7f85acb85000 rw-p 00002000 ca:01 271768                     /usr/lib/x86_64-linux-gnu/libXcomposite.so.1.0.0
7f85acb85000-7f85acb8e000 r-xp 00000000 ca:01 271770                     /usr/lib/x86_64-linux-gnu/libXcursor.so.1.0.2
7f85acb8e000-7f85acd8d000 ---p 00009000 ca:01 271770                     /usr/lib/x86_64-linux-gnu/libXcursor.so.1.0.2
7f85acd8d000-7f85acd8e000 r--p 00008000 ca:01 271770                     /usr/lib/x86_64-linux-gnu/libXcursor.so.1.0.2
7f85acd8e000-7f85acd8f000 rw-p 00009000 ca:01 271770                     /usr/lib/x86_64-linux-gnu/libXcursor.so.1.0.2
7f85acd8f000-7f85acd98000 r-xp 00000000 ca:01 262445                     /usr/lib/x86_64-linux-gnu/libXrandr.so.2.2.0
7f85acd98000-7f85acf97000 ---p 00009000 ca:01 262445                     /usr/lib/x86_64-linux-gnu/libXrandr.so.2.2.0
7f85acf97000-7f85acf98000 r--p 00008000 ca:01 262445                     /usr/lib/x86_64-linux-gnu/libXrandr.so.2.2.0
7f85acf98000-7f85acf99000 rw-p 00009000 ca:01 262445                     /usr/lib/x86_64-linux-gnu/libXrandr.so.2.2.0
7f85acf99000-7f85acf9b000 r-xp 00000000 ca:01 271786                     /usr/lib/x86_64-linux-gnu/libXinerama.so.1.0.0
7f85acf9b000-7f85ad19a000 ---p 00002000 ca:01 271786                     /usr/lib/x86_64-linux-gnu/libXinerama.so.1.0.0
7f85ad19a000-7f85ad19b000 r--p 00001000 ca:01 271786                     /usr/lib/x86_64-linux-gnu/libXinerama.so.1.0.0
7f85ad19b000-7f85ad19c000 rw-p 00002000 ca:01 271786                     /usr/lib/x86_64-linux-gnu/libXinerama.so.1.0.0
7f85ad19c000-7f85ad1b0000 r-xp 00000000 ca:01 264288                     /usr/lib/x86_64-linux-gnu/libpangoft2-1.0.so.0.3600.3
7f85ad1b0000-7f85ad3af000 ---p 00014000 ca:01 264288                     /usr/lib/x86_64-linux-gnu/libpangoft2-1.0.so.0.3600.3
7f85ad3af000-7f85ad3b0000 r--p 00013000 ca:01 264288                     /usr/lib/x86_64-linux-gnu/libpangoft2-1.0.so.0.3600.3
7f85ad3b0000-7f85ad3b1000 rw-p 00014000 ca:01 264288                     /usr/lib/x86_64-linux-gnu/libpangoft2-1.0.so.0.3600.3
7f85ad3b1000-7f85ad4b7000 r-xp 00000000 ca:01 263276                     /usr/lib/x86_64-linux-gnu/libcairo.so.2.11301.0
7f85ad4b7000-7f85ad6b6000 ---p 00106000 ca:01 263276                     /usr/lib/x86_64-linux-gnu/libcairo.so.2.11301.0
7f85ad6b6000-7f85ad6b9000 r--p 00105000 ca:01 263276                     /usr/lib/x86_64-linux-gnu/libcairo.so.2.11301.0
7f85ad6b9000-7f85ad6ba000 rw-p 00108000 ca:01 263276                     /usr/lib/x86_64-linux-gnu/libcairo.so.2.11301.0
7f85ad6ba000-7f85ad6bc000 rw-p 00000000 00:00 0 
7f85ad6bc000-7f85ad6db000 r-xp 00000000 ca:01 271863                     /usr/lib/x86_64-linux-gnu/libatk-1.0.so.0.21009.1
7f85ad6db000-7f85ad8db000 ---p 0001f000 ca:01 271863                     /usr/lib/x86_64-linux-gnu/libatk-1.0.so.0.21009.1
7f85ad8db000-7f85ad8dd000 r--p 0001f000 ca:01 271863                     /usr/lib/x86_64-linux-gnu/libatk-1.0.so.0.21009.1
7f85ad8dd000-7f85ad8de000 rw-p 00021000 ca:01 271863                     /usr/lib/x86_64-linux-gnu/libatk-1.0.so.0.21009.1
7f85ad8de000-7f85ad8e3000 r-xp 00000000 ca:01 264256                     /usr/lib/x86_64-linux-gnu/libXfixes.so.3.1.0
7f85ad8e3000-7f85adae2000 ---p 00005000 ca:01 264256                     /usr/lib/x86_64-linux-gnu/libXfixes.so.3.1.0
7f85adae2000-7f85adae3000 r--p 00004000 ca:01 264256                     /usr/lib/x86_64-linux-gnu/libXfixes.so.3.1.0
7f85adae3000-7f85adae4000 rw-p 00005000 ca:01 264256                     /usr/lib/x86_64-linux-gnu/libXfixes.so.3.1.0
7f85adae4000-7f85adaef000 r-xp 00000000 ca:01 264284                     /usr/lib/x86_64-linux-gnu/libpangocairo-1.0.so.0.3600.3
7f85adaef000-7f85adcef000 ---p 0000b000 ca:01 264284                     /usr/lib/x86_64-linux-gnu/libpangocairo-1.0.so.0.3600.3
7f85adcef000-7f85adcf0000 r--p 0000b000 ca:01 264284                     /usr/lib/x86_64-linux-gnu/libpangocairo-1.0.so.0.3600.3
7f85adcf0000-7f85adcf1000 rw-p 0000c000 ca:01 264284                     /usr/lib/x86_64-linux-gnu/libpangocairo-1.0.so.0.3600.3
7f85adcf1000-7f85adcf4000 r-xp 00000000 ca:01 262648                     /usr/lib/x86_64-linux-gnu/libgmodule-2.0.so.0.4002.0
7f85adcf4000-7f85adef3000 ---p 00003000 ca:01 262648                     /usr/lib/x86_64-linux-gnu/libgmodule-2.0.so.0.4002.0
7f85adef3000-7f85adef4000 r--p 00002000 ca:01 262648                     /usr/lib/x86_64-linux-gnu/libgmodule-2.0.so.0.4002.0
7f85adef4000-7f85adef5000 rw-p 00003000 ca:01 262648                     /usr/lib/x86_64-linux-gnu/libgmodule-2.0.so.0.4002.0
7f85adef5000-7f85adf12000 r-xp 00000000 ca:01 272851                     /usr/lib/x86_64-linux-gnu/libxcb.so.1.1.0
7f85adf12000-7f85ae112000 ---p 0001d000 ca:01 272851                     /usr/lib/x86_64-linux-gnu/libxcb.so.1.1.0
7f85ae112000-7f85ae113000 r--p 0001d000 ca:01 272851                     /usr/lib/x86_64-linux-gnu/libxcb.so.1.1.0
7f85ae113000-7f85ae114000 rw-p 0001e000 ca:01 272851                     /usr/lib/x86_64-linux-gnu/libxcb.so.1.1.0
7f85ae114000-7f85ae180000 r-xp 00000000 ca:01 262492                     /usr/lib/x86_64-linux-gnu/libcups.so.2
7f85ae180000-7f85ae380000 ---p 0006c000 ca:01 262492                     /usr/lib/x86_64-linux-gnu/libcups.so.2
7f85ae380000-7f85ae387000 r--p 0006c000 ca:01 262492                     /usr/lib/x86_64-linux-gnu/libcups.so.2
7f85ae387000-7f85ae388000 rw-p 00073000 ca:01 262492                     /usr/lib/x86_64-linux-gnu/libcups.so.2
7f85ae388000-7f85ae48e000 r-xp 00000000 ca:01 1970271                    /lib/x86_64-linux-gnu/libglib-2.0.so.0.4002.0
7f85ae48e000-7f85ae68d000 ---p 00106000 ca:01 1970271                    /lib/x86_64-linux-gnu/libglib-2.0.so.0.4002.0
7f85ae68d000-7f85ae68e000 r--p 00105000 ca:01 1970271                    /lib/x86_64-linux-gnu/libglib-2.0.so.0.4002.0
7f85ae68e000-7f85ae68f000 rw-p 00106000 ca:01 1970271                    /lib/x86_64-linux-gnu/libglib-2.0.so.0.4002.0
7f85ae68f000-7f85ae690000 rw-p 00000000 00:00 0 
7f85ae690000-7f85ae691000 r-xp 00000000 ca:01 262650                     /usr/lib/x86_64-linux-gnu/libgthread-2.0.so.0.4002.0
7f85ae691000-7f85ae890000 ---p 00001000 ca:01 262650                     /usr/lib/x86_64-linux-gnu/libgthread-2.0.so.0.4002.0
7f85ae890000-7f85ae891000 r--p 00000000 ca:01 262650                     /usr/lib/x86_64-linux-gnu/libgthread-2.0.so.0.4002.0
7f85ae891000-7f85ae892000 rw-p 00001000 ca:01 262650                     /usr/lib/x86_64-linux-gnu/libgthread-2.0.so.0.4002.0
7f85ae892000-7f85ae8e1000 r-xp 00000000 ca:01 262649                     /usr/lib/x86_64-linux-gnu/libgobject-2.0.so.0.4002.0
7f85ae8e1000-7f85aeae1000 ---p 0004f000 ca:01 262649                     /usr/lib/x86_64-linux-gnu/libgobject-2.0.so.0.4002.0
7f85aeae1000-7f85aeae2000 r--p 0004f000 ca:01 262649                     /usr/lib/x86_64-linux-gnu/libgobject-2.0.so.0.4002.0
7f85aeae2000-7f85aeae3000 rw-p 00050000 ca:01 262649                     /usr/lib/x86_64-linux-gnu/libgobject-2.0.so.0.4002.0
7f85aeae3000-7f85aeb1d000 r-xp 00000000 ca:01 263095                     /usr/lib/x86_64-linux-gnu/libfontconfig.so.1.8.0
7f85aeb1d000-7f85aed1c000 ---p 0003a000 ca:01 263095                     /usr/lib/x86_64-linux-gnu/libfontconfig.so.1.8.0
7f85aed1c000-7f85aed1e000 r--p 00039000 ca:01 263095                     /usr/lib/x86_64-linux-gnu/libfontconfig.so.1.8.0
7f85aed1e000-7f85aed1f000 rw-p 0003b000 ca:01 263095                     /usr/lib/x86_64-linux-gnu/libfontconfig.so.1.8.0
7f85aed1f000-7f85aed69000 r-xp 00000000 ca:01 264286                     /usr/lib/x86_64-linux-gnu/libpango-1.0.so.0.3600.3
7f85aed69000-7f85aef69000 ---p 0004a000 ca:01 264286                     /usr/lib/x86_64-linux-gnu/libpango-1.0.so.0.3600.3
7f85aef69000-7f85aef6b000 r--p 0004a000 ca:01 264286                     /usr/lib/x86_64-linux-gnu/libpango-1.0.so.0.3600.3
7f85aef6b000-7f85aef6c000 rw-p 0004c000 ca:01 264286                     /usr/lib/x86_64-linux-gnu/libpango-1.0.so.0.3600.3
7f85aef6c000-7f85aef8c000 r-xp 00000000 ca:01 263081                     /usr/lib/x86_64-linux-gnu/libgdk_pixbuf-2.0.so.0.3000.7
7f85aef8c000-7f85af18b000 ---p 00020000 ca:01 263081                     /usr/lib/x86_64-linux-gnu/libgdk_pixbuf-2.0.so.0.3000.7
7f85af18b000-7f85af18c000 r--p 0001f000 ca:01 263081                     /usr/lib/x86_64-linux-gnu/libgdk_pixbuf-2.0.so.0.3000.7
7f85af18c000-7f85af18d000 rw-p 00020000 ca:01 263081                     /usr/lib/x86_64-linux-gnu/libgdk_pixbuf-2.0.so.0.3000.7
7f85af18d000-7f85af2f9000 r-xp 00000000 ca:01 262651                     /usr/lib/x86_64-linux-gnu/libgio-2.0.so.0.4002.0
7f85af2f9000-7f85af4f8000 ---p 0016c000 ca:01 262651                     /usr/lib/x86_64-linux-gnu/libgio-2.0.so.0.4002.0
7f85af4f8000-7f85af4fc000 r--p 0016b000 ca:01 262651                     /usr/lib/x86_64-linux-gnu/libgio-2.0.so.0.4002.0
7f85af4fc000-7f85af4fe000 rw-p 0016f000 ca:01 262651                     /usr/lib/x86_64-linux-gnu/libgio-2.0.so.0.4002.0
7f85af4fe000-7f85af500000 rw-p 00000000 00:00 0 
7f85af500000-7f85af5ad000 r-xp 00000000 ca:01 267231                     /usr/lib/x86_64-linux-gnu/libgdk-x11-2.0.so.0.2400.23
7f85af5ad000-7f85af7ad000 ---p 000ad000 ca:01 267231                     /usr/lib/x86_64-linux-gnu/libgdk-x11-2.0.so.0.2400.23
7f85af7ad000-7f85af7b1000 r--p 000ad000 ca:01 267231                     /usr/lib/x86_64-linux-gnu/libgdk-x11-2.0.so.0.2400.23
7f85af7b1000-7f85af7b3000 rw-p 000b1000 ca:01 267231                     /usr/lib/x86_64-linux-gnu/libgdk-x11-2.0.so.0.2400.23
7f85af7b3000-7f85afbe3000 r-xp 00000000 ca:01 267234                     /usr/lib/x86_64-linux-gnu/libgtk-x11-2.0.so.0.2400.23
7f85afbe3000-7f85afde2000 ---p 00430000 ca:01 267234                     /usr/lib/x86_64-linux-gnu/libgtk-x11-2.0.so.0.2400.23
7f85afde2000-7f85afde9000 r--p 0042f000 ca:01 267234                     /usr/lib/x86_64-linux-gnu/libgtk-x11-2.0.so.0.2400.23
7f85afde9000-7f85afded000 rw-p 00436000 ca:01 267234                     /usr/lib/x86_64-linux-gnu/libgtk-x11-2.0.so.0.2400.23
7f85afded000-7f85afdf0000 rw-p 00000000 00:00 0 
7f85afdf0000-7f85afdff000 r-xp 00000000 ca:01 262333                     /usr/lib/x86_64-linux-gnu/libXi.so.6.1.0
7f85afdff000-7f85afffe000 ---p 0000f000 ca:01 262333                     /usr/lib/x86_64-linux-gnu/libXi.so.6.1.0
7f85afffe000-7f85affff000 r--p 0000e000 ca:01 262333                     /usr/lib/x86_64-linux-gnu/libXi.so.6.1.0
7f85affff000-7f85b0000000 rw-p 0000f000 ca:01 262333                     /usr/lib/x86_64-linux-gnu/libXi.so.6.1.0
7f85b0000000-7f85b0021000 rw-p 00000000 00:00 0 
7f85b0021000-7f85b4000000 ---p 00000000 00:00 0 
7f85b4000000-7f85b4021000 rw-p 00000000 00:00 0 
7f85b4021000-7f85b8000000 ---p 00000000 00:00 0 
7f85b8000000-7f85b8753000 rw-p 00000000 00:00 0 
7f85b8753000-7f85bc000000 ---p 00000000 00:00 0 
7f85bc000000-7f85bc72d000 rw-p 00000000 00:00 0 
7f85bc72d000-7f85c0000000 ---p 00000000 00:00 0 
7f85c0000000-7f85c0021000 rw-p 00000000 00:00 0 
7f85c0021000-7f85c4000000 ---p 00000000 00:00 0 
7f85c4000000-7f85c4021000 rw-p 00000000 00:00 0 
7f85c4021000-7f85c8000000 ---p 00000000 00:00 0 
7f85c8000000-7f85c8021000 rw-p 00000000 00:00 0 
7f85c8021000-7f85cc000000 ---p 00000000 00:00 0 
7f85cc000000-7f85cc021000 rw-p 00000000 00:00 0 
7f85cc021000-7f85d0000000 ---p 00000000 00:00 0 
7f85d0000000-7f85d0021000 rw-p 00000000 00:00 0 
7f85d0021000-7f85d4000000 ---p 00000000 00:00 0 
7f85d4000000-7f85d4021000 rw-p 00000000 00:00 0 
7f85d4021000-7f85d8000000 ---p 00000000 00:00 0 
7f85d8000000-7f85d8021000 rw-p 00000000 00:00 0 
7f85d8021000-7f85dc000000 ---p 00000000 00:00 0 
7f85dc000000-7f85dc001000 r--s 00000000 ca:01 398874                     /var/cache/fontconfig/dc05db6664285cc2f12bf69c139ae4c3-le64.cache-4
7f85dc001000-7f85dc007000 r--s 00000000 ca:01 398868                     /var/cache/fontconfig/b47c4e1ecd0709278f4910c18777a504-le64.cache-4
7f85dc007000-7f85dc00a000 ---p 00000000 00:00 0 
7f85dc00a000-7f85dc139000 rw-p 00000000 00:00 0                          [stack:7385]
7f85dc139000-7f85dc1a3000 r--s 0069a000 ca:01 802345                     /usr/lib/jvm/java-7-openjdk-amd64/lib/tools.jar
7f85dc1a3000-7f85dc1c9000 r--p 00000000 ca:01 666474                     /usr/share/locale-langpack/ja/LC_MESSAGES/libc.mo
7f85dc1c9000-7f85dc1ce000 r-xp 00000000 ca:01 271804                     /usr/lib/x86_64-linux-gnu/libXtst.so.6.1.0
7f85dc1ce000-7f85dc3cd000 ---p 00005000 ca:01 271804                     /usr/lib/x86_64-linux-gnu/libXtst.so.6.1.0
7f85dc3cd000-7f85dc3ce000 r--p 00004000 ca:01 271804                     /usr/lib/x86_64-linux-gnu/libXtst.so.6.1.0
7f85dc3ce000-7f85dc3cf000 rw-p 00005000 ca:01 271804                     /usr/lib/x86_64-linux-gnu/libXtst.so.6.1.0
7f85dc3cf000-7f85dc3d8000 r-xp 00000000 ca:01 263268                     /usr/lib/x86_64-linux-gnu/libXrender.so.1.3.0
7f85dc3d8000-7f85dc5d7000 ---p 00009000 ca:01 263268                     /usr/lib/x86_64-linux-gnu/libXrender.so.1.3.0
7f85dc5d7000-7f85dc5d8000 r--p 00008000 ca:01 263268                     /usr/lib/x86_64-linux-gnu/libXrender.so.1.3.0
7f85dc5d8000-7f85dc5d9000 rw-p 00009000 ca:01 263268                     /usr/lib/x86_64-linux-gnu/libXrender.so.1.3.0
7f85dc5d9000-7f85dc709000 r-xp 00000000 ca:01 271759                     /usr/lib/x86_64-linux-gnu/libX11.so.6.3.0
7f85dc709000-7f85dc909000 ---p 00130000 ca:01 271759                     /usr/lib/x86_64-linux-gnu/libX11.so.6.3.0
7f85dc909000-7f85dc90a000 r--p 00130000 ca:01 271759                     /usr/lib/x86_64-linux-gnu/libX11.so.6.3.0
7f85dc90a000-7f85dc90e000 rw-p 00131000 ca:01 271759                     /usr/lib/x86_64-linux-gnu/libX11.so.6.3.0
7f85dc90e000-7f85dc91f000 r-xp 00000000 ca:01 263266                     /usr/lib/x86_64-linux-gnu/libXext.so.6.4.0
7f85dc91f000-7f85dcb1e000 ---p 00011000 ca:01 263266                     /usr/lib/x86_64-linux-gnu/libXext.so.6.4.0
7f85dcb1e000-7f85dcb1f000 r--p 00010000 ca:01 263266                     /usr/lib/x86_64-linux-gnu/libXext.so.6.4.0
7f85dcb1f000-7f85dcb20000 rw-p 00011000 ca:01 263266                     /usr/lib/x86_64-linux-gnu/libXext.so.6.4.0
7f85dcb20000-7f85dcb2b000 r--s 00000000 ca:01 400077                     /var/cache/fontconfig/d589a48862398ed80a3d6066f4f56f4c-le64.cache-4
7f85dcb2b000-7f85dcb3a000 r--s 00144000 ca:01 932520                     /usr/share/greenfoot/extensions/greenfoot.jar
7f85dcb3a000-7f85dcb8b000 r-xp 00000000 ca:01 1970826                    /usr/lib/jvm/java-7-openjdk-amd64/jre/lib/amd64/xawt/libmawt.so
7f85dcb8b000-7f85dcd8a000 ---p 00051000 ca:01 1970826                    /usr/lib/jvm/java-7-openjdk-amd64/jre/lib/amd64/xawt/libmawt.so
7f85dcd8a000-7f85dcd8b000 r--p 00050000 ca:01 1970826                    /usr/lib/jvm/java-7-openjdk-amd64/jre/lib/amd64/xawt/libmawt.so
7f85dcd8b000-7f85dcd8e000 rw-p 00051000 ca:01 1970826                    /usr/lib/jvm/java-7-openjdk-amd64/jre/lib/amd64/xawt/libmawt.so
7f85dcd8e000-7f85dcd8f000 rw-p 00000000 00:00 0 
7f85dcd8f000-7f85dce2f000 r-xp 00000000 ca:01 932176                     /usr/lib/jvm/java-7-openjdk-amd64/jre/lib/amd64/libawt.so
7f85dce2f000-7f85dd02e000 ---p 000a0000 ca:01 932176                     /usr/lib/jvm/java-7-openjdk-amd64/jre/lib/amd64/libawt.so
7f85dd02e000-7f85dd02f000 r--p 0009f000 ca:01 932176                     /usr/lib/jvm/java-7-openjdk-amd64/jre/lib/amd64/libawt.so
7f85dd02f000-7f85dd03a000 rw-p 000a0000 ca:01 932176                     /usr/lib/jvm/java-7-openjdk-amd64/jre/lib/amd64/libawt.so
7f85dd03a000-7f85dd05f000 rw-p 00000000 00:00 0 
7f85dd05f000-7f85dd060000 ---p 00000000 00:00 0 
7f85dd060000-7f85dd160000 rw-p 00000000 00:00 0                          [stack:7384]
7f85dd160000-7f85dd163000 ---p 00000000 00:00 0 
7f85dd163000-7f85dd261000 rw-p 00000000 00:00 0                          [stack:7383]
7f85dd261000-7f85dd264000 ---p 00000000 00:00 0 
7f85dd264000-7f85dd362000 rw-p 00000000 00:00 0                          [stack:7382]
7f85dd362000-7f85dd365000 ---p 00000000 00:00 0 
7f85dd365000-7f85dd463000 rw-p 00000000 00:00 0                          [stack:7381]
7f85dd463000-7f85dd466000 ---p 00000000 00:00 0 
7f85dd466000-7f85dd564000 rw-p 00000000 00:00 0                          [stack:7380]
7f85dd564000-7f85ddd34000 r--p 00000000 ca:01 270270                     /usr/lib/locale/locale-archive
7f85ddd34000-7f85ddd37000 ---p 00000000 00:00 0 
7f85ddd37000-7f85dde35000 rw-p 00000000 00:00 0                          [stack:7379]
7f85dde35000-7f85dde38000 ---p 00000000 00:00 0 
7f85dde38000-7f85ddf36000 rw-p 00000000 00:00 0                          [stack:7378]
7f85ddf36000-7f85ddf37000 ---p 00000000 00:00 0 
7f85ddf37000-7f85e0000000 rw-p 00000000 00:00 0                          [stack:7377]
7f85e0000000-7f85e0021000 rw-p 00000000 00:00 0 
7f85e0021000-7f85e4000000 ---p 00000000 00:00 0 
7f85e4000000-7f85e4021000 rw-p 00000000 00:00 0 
7f85e4021000-7f85e8000000 ---p 00000000 00:00 0 
7f85e8000000-7f85e8021000 rw-p 00000000 00:00 0 
7f85e8021000-7f85ec000000 ---p 00000000 00:00 0 
7f85ec000000-7f85ec021000 rw-p 00000000 00:00 0 
7f85ec021000-7f85f0000000 ---p 00000000 00:00 0 
7f85f0000000-7f85f0021000 rw-p 00000000 00:00 0 
7f85f0021000-7f85f4000000 ---p 00000000 00:00 0 
7f85f4000000-7f85f4001000 r--s 00000000 ca:01 396866                     /var/cache/fontconfig/4794a0821666d79190d59a36cb4f44b5-le64.cache-4
7f85f4001000-7f85f4002000 r--s 00000000 ca:01 398870                     /var/cache/fontconfig/56cf4f4769d0f4abc89a4895d7bd3ae1-le64.cache-4
7f85f4002000-7f85f4005000 r--s 00000000 ca:01 398853                     /var/cache/fontconfig/e13b20fdb08344e0e664864cc2ede53d-le64.cache-4
7f85f4005000-7f85f4009000 r--s 00000000 ca:01 398864                     /var/cache/fontconfig/7ef2298fde41cc6eeb7af42e48b7d293-le64.cache-4
7f85f4009000-7f85f41b7000 r--s 01cf4000 ca:01 802298                     /usr/lib/jvm/java-7-openjdk-amd64/jre/lib/rt.jar
7f85f41b7000-7f85f7680000 rw-p 00000000 00:00 0 
7f85f7680000-7f85f7681000 ---p 00000000 00:00 0 
7f85f7681000-7f85f7781000 rw-p 00000000 00:00 0                          [stack:7376]
7f85f7781000-7f85f7782000 ---p 00000000 00:00 0 
7f85f7782000-7f85f7882000 rw-p 00000000 00:00 0                          [stack:7375]
7f85f7882000-7f85f7883000 ---p 00000000 00:00 0 
7f85f7883000-7f85f7983000 rw-p 00000000 00:00 0                          [stack:7374]
7f85f7983000-7f85f7984000 ---p 00000000 00:00 0 
7f85f7984000-7f85f7a84000 rw-p 00000000 00:00 0                          [stack:7373]
7f85f7a84000-7f85f7a85000 ---p 00000000 00:00 0 
7f85f7a85000-7f85f7b85000 rw-p 00000000 00:00 0                          [stack:7372]
7f85f7b85000-7f85f7b86000 ---p 00000000 00:00 0 
7f85f7b86000-7f85f7c86000 rw-p 00000000 00:00 0                          [stack:7371]
7f85f7c86000-7f85f7c87000 ---p 00000000 00:00 0 
7f85f7c87000-7f85f7d87000 rw-p 00000000 00:00 0                          [stack:7370]
7f85f7d87000-7f85f7d88000 ---p 00000000 00:00 0 
7f85f7d88000-7f85f7ea7000 rw-p 00000000 00:00 0                          [stack:7369]
7f85f7ea7000-7f85f807a000 rw-p 00000000 00:00 0 
7f85f807a000-7f85f808c000 rw-p 00000000 00:00 0 
7f85f808c000-7f85f80cd000 rw-p 00000000 00:00 0 
7f85f80cd000-7f85f80ec000 rw-p 00000000 00:00 0 
7f85f80ec000-7f85f82be000 rw-p 00000000 00:00 0 
7f85f82be000-7f85f82db000 rw-p 00000000 00:00 0 
7f85f82db000-7f85f83b7000 rw-p 00000000 00:00 0 
7f85f83b7000-7f85f83b8000 rw-p 00000000 00:00 0 
7f85f83b8000-7f85f8628000 rwxp 00000000 00:00 0 
7f85f8628000-7f85fb3b8000 rw-p 00000000 00:00 0 
7f85fb3b8000-7f85fb3c0000 r-xp 00000000 ca:01 920547                     /usr/lib/jvm/java-7-openjdk-amd64/jre/lib/amd64/libzip.so
7f85fb3c0000-7f85fb5bf000 ---p 00008000 ca:01 920547                     /usr/lib/jvm/java-7-openjdk-amd64/jre/lib/amd64/libzip.so
7f85fb5bf000-7f85fb5c0000 r--p 00007000 ca:01 920547                     /usr/lib/jvm/java-7-openjdk-amd64/jre/lib/amd64/libzip.so
7f85fb5c0000-7f85fb5c1000 rw-p 00008000 ca:01 920547                     /usr/lib/jvm/java-7-openjdk-amd64/jre/lib/amd64/libzip.so
7f85fb5c1000-7f85fb5c4000 r-xp 00000000 ca:01 526803                     /usr/lib/x86_64-linux-gnu/samba/libwinbind-client.so.0
7f85fb5c4000-7f85fb7c3000 ---p 00003000 ca:01 526803                     /usr/lib/x86_64-linux-gnu/samba/libwinbind-client.so.0
7f85fb7c3000-7f85fb7c4000 r--p 00002000 ca:01 526803                     /usr/lib/x86_64-linux-gnu/samba/libwinbind-client.so.0
7f85fb7c4000-7f85fb7c5000 rw-p 00003000 ca:01 526803                     /usr/lib/x86_64-linux-gnu/samba/libwinbind-client.so.0
7f85fb7c5000-7f85fb7c9000 r-xp 00000000 ca:01 1970278                    /lib/x86_64-linux-gnu/libnss_winbind.so.2
7f85fb7c9000-7f85fb9c8000 ---p 00004000 ca:01 1970278                    /lib/x86_64-linux-gnu/libnss_winbind.so.2
7f85fb9c8000-7f85fb9c9000 r--p 00003000 ca:01 1970278                    /lib/x86_64-linux-gnu/libnss_winbind.so.2
7f85fb9c9000-7f85fb9ca000 rw-p 00004000 ca:01 1970278                    /lib/x86_64-linux-gnu/libnss_winbind.so.2
7f85fb9ca000-7f85fb9cf000 rw-p 00000000 00:00 0 
7f85fb9cf000-7f85fb9d9000 r-xp 00000000 ca:01 1976241                    /lib/x86_64-linux-gnu/libnss_files-2.19.so
7f85fb9d9000-7f85fbbd8000 ---p 0000a000 ca:01 1976241                    /lib/x86_64-linux-gnu/libnss_files-2.19.so
7f85fbbd8000-7f85fbbd9000 r--p 00009000 ca:01 1976241                    /lib/x86_64-linux-gnu/libnss_files-2.19.so
7f85fbbd9000-7f85fbbda000 rw-p 0000a000 ca:01 1976241                    /lib/x86_64-linux-gnu/libnss_files-2.19.so
7f85fbbda000-7f85fbbe5000 r-xp 00000000 ca:01 1976226                    /lib/x86_64-linux-gnu/libnss_nis-2.19.so
7f85fbbe5000-7f85fbde4000 ---p 0000b000 ca:01 1976226                    /lib/x86_64-linux-gnu/libnss_nis-2.19.so
7f85fbde4000-7f85fbde5000 r--p 0000a000 ca:01 1976226                    /lib/x86_64-linux-gnu/libnss_nis-2.19.so
7f85fbde5000-7f85fbde6000 rw-p 0000b000 ca:01 1976226                    /lib/x86_64-linux-gnu/libnss_nis-2.19.so
7f85fbde6000-7f85fbdfd000 r-xp 00000000 ca:01 1976235                    /lib/x86_64-linux-gnu/libnsl-2.19.so
7f85fbdfd000-7f85fbffc000 ---p 00017000 ca:01 1976235                    /lib/x86_64-linux-gnu/libnsl-2.19.so
7f85fbffc000-7f85fbffd000 r--p 00016000 ca:01 1976235                    /lib/x86_64-linux-gnu/libnsl-2.19.so
7f85fbffd000-7f85fbffe000 rw-p 00017000 ca:01 1976235                    /lib/x86_64-linux-gnu/libnsl-2.19.so
7f85fbffe000-7f85fc000000 rw-p 00000000 00:00 0 
7f85fc000000-7f85fc4b3000 rw-p 00000000 00:00 0 
7f85fc4b3000-7f8600000000 ---p 00000000 00:00 0 
7f8600000000-7f8600001000 r--s 00000000 ca:01 398869                     /var/cache/fontconfig/b9d506c9ac06c20b433354fa67a72993-le64.cache-4
7f8600001000-7f8600003000 r--s 00004000 ca:01 803387                     /usr/share/greenfoot/AppleJavaExtensions.jar
7f8600003000-7f8600007000 r--s 0003c000 ca:01 803384                     /usr/share/greenfoot/bluejeditor.jar
7f8600007000-7f860003a000 rw-p 00000000 00:00 0 
7f860003a000-7f860007b000 rw-p 00000000 00:00 0 
7f860007b000-7f8600084000 r-xp 00000000 ca:01 1976233                    /lib/x86_64-linux-gnu/libnss_compat-2.19.so
7f8600084000-7f8600283000 ---p 00009000 ca:01 1976233                    /lib/x86_64-linux-gnu/libnss_compat-2.19.so
7f8600283000-7f8600284000 r--p 00008000 ca:01 1976233                    /lib/x86_64-linux-gnu/libnss_compat-2.19.so
7f8600284000-7f8600285000 rw-p 00009000 ca:01 1976233                    /lib/x86_64-linux-gnu/libnss_compat-2.19.so
7f8600285000-7f86002b0000 r-xp 00000000 ca:01 918367                     /usr/lib/jvm/java-7-openjdk-amd64/jre/lib/amd64/libjava.so
7f86002b0000-7f86004af000 ---p 0002b000 ca:01 918367                     /usr/lib/jvm/java-7-openjdk-amd64/jre/lib/amd64/libjava.so
7f86004af000-7f86004b0000 r--p 0002a000 ca:01 918367                     /usr/lib/jvm/java-7-openjdk-amd64/jre/lib/amd64/libjava.so
7f86004b0000-7f86004b2000 rw-p 0002b000 ca:01 918367                     /usr/lib/jvm/java-7-openjdk-amd64/jre/lib/amd64/libjava.so
7f86004b2000-7f86004c2000 r-xp 00000000 ca:01 932157                     /usr/lib/jvm/java-7-openjdk-amd64/jre/lib/amd64/libverify.so
7f86004c2000-7f86006c1000 ---p 00010000 ca:01 932157                     /usr/lib/jvm/java-7-openjdk-amd64/jre/lib/amd64/libverify.so
7f86006c1000-7f86006c3000 r--p 0000f000 ca:01 932157                     /usr/lib/jvm/java-7-openjdk-amd64/jre/lib/amd64/libverify.so
7f86006c3000-7f86006c4000 rw-p 00011000 ca:01 932157                     /usr/lib/jvm/java-7-openjdk-amd64/jre/lib/amd64/libverify.so
7f86006c4000-7f86006cb000 r-xp 00000000 ca:01 1976223                    /lib/x86_64-linux-gnu/librt-2.19.so
7f86006cb000-7f86008ca000 ---p 00007000 ca:01 1976223                    /lib/x86_64-linux-gnu/librt-2.19.so
7f86008ca000-7f86008cb000 r--p 00006000 ca:01 1976223                    /lib/x86_64-linux-gnu/librt-2.19.so
7f86008cb000-7f86008cc000 rw-p 00007000 ca:01 1976223                    /lib/x86_64-linux-gnu/librt-2.19.so
7f86008cc000-7f86008e2000 r-xp 00000000 ca:01 1970183                    /lib/x86_64-linux-gnu/libgcc_s.so.1
7f86008e2000-7f8600ae1000 ---p 00016000 ca:01 1970183                    /lib/x86_64-linux-gnu/libgcc_s.so.1
7f8600ae1000-7f8600ae2000 rw-p 00015000 ca:01 1970183                    /lib/x86_64-linux-gnu/libgcc_s.so.1
7f8600ae2000-7f8600be7000 r-xp 00000000 ca:01 1976236                    /lib/x86_64-linux-gnu/libm-2.19.so
7f8600be7000-7f8600de6000 ---p 00105000 ca:01 1976236                    /lib/x86_64-linux-gnu/libm-2.19.so
7f8600de6000-7f8600de7000 r--p 00104000 ca:01 1976236                    /lib/x86_64-linux-gnu/libm-2.19.so
7f8600de7000-7f8600de8000 rw-p 00105000 ca:01 1976236                    /lib/x86_64-linux-gnu/libm-2.19.so
7f8600de8000-7f8600ece000 r-xp 00000000 ca:01 262981                     /usr/lib/x86_64-linux-gnu/libstdc++.so.6.0.19
7f8600ece000-7f86010cd000 ---p 000e6000 ca:01 262981                     /usr/lib/x86_64-linux-gnu/libstdc++.so.6.0.19
7f86010cd000-7f86010d5000 r--p 000e5000 ca:01 262981                     /usr/lib/x86_64-linux-gnu/libstdc++.so.6.0.19
7f86010d5000-7f86010d7000 rw-p 000ed000 ca:01 262981                     /usr/lib/x86_64-linux-gnu/libstdc++.so.6.0.19
7f86010d7000-7f86010ec000 rw-p 00000000 00:00 0 
7f86010ec000-7f8601bcd000 r-xp 00000000 ca:01 1067611                    /usr/lib/jvm/java-7-openjdk-amd64/jre/lib/amd64/server/libjvm.so
7f8601bcd000-7f8601dcc000 ---p 00ae1000 ca:01 1067611                    /usr/lib/jvm/java-7-openjdk-amd64/jre/lib/amd64/server/libjvm.so
7f8601dcc000-7f8601e5e000 r--p 00ae0000 ca:01 1067611                    /usr/lib/jvm/java-7-openjdk-amd64/jre/lib/amd64/server/libjvm.so
7f8601e5e000-7f8601e81000 rw-p 00b72000 ca:01 1067611                    /usr/lib/jvm/java-7-openjdk-amd64/jre/lib/amd64/server/libjvm.so
7f8601e81000-7f8601eae000 rw-p 00000000 00:00 0 
7f8601eae000-7f8601ec6000 r-xp 00000000 ca:01 1970369                    /lib/x86_64-linux-gnu/libz.so.1.2.8
7f8601ec6000-7f86020c5000 ---p 00018000 ca:01 1970369                    /lib/x86_64-linux-gnu/libz.so.1.2.8
7f86020c5000-7f86020c6000 r--p 00017000 ca:01 1970369                    /lib/x86_64-linux-gnu/libz.so.1.2.8
7f86020c6000-7f86020c7000 rw-p 00018000 ca:01 1970369                    /lib/x86_64-linux-gnu/libz.so.1.2.8
7f86020c7000-7f86020e0000 r-xp 00000000 ca:01 1976243                    /lib/x86_64-linux-gnu/libpthread-2.19.so
7f86020e0000-7f86022df000 ---p 00019000 ca:01 1976243                    /lib/x86_64-linux-gnu/libpthread-2.19.so
7f86022df000-7f86022e0000 r--p 00018000 ca:01 1976243                    /lib/x86_64-linux-gnu/libpthread-2.19.so
7f86022e0000-7f86022e1000 rw-p 00019000 ca:01 1976243                    /lib/x86_64-linux-gnu/libpthread-2.19.so
7f86022e1000-7f86022e5000 rw-p 00000000 00:00 0 
7f86022e5000-7f86022e8000 r-xp 00000000 ca:01 1976242                    /lib/x86_64-linux-gnu/libdl-2.19.so
7f86022e8000-7f86024e7000 ---p 00003000 ca:01 1976242                    /lib/x86_64-linux-gnu/libdl-2.19.so
7f86024e7000-7f86024e8000 r--p 00002000 ca:01 1976242                    /lib/x86_64-linux-gnu/libdl-2.19.so
7f86024e8000-7f86024e9000 rw-p 00003000 ca:01 1976242                    /lib/x86_64-linux-gnu/libdl-2.19.so
7f86024e9000-7f86026a7000 r-xp 00000000 ca:01 1976232                    /lib/x86_64-linux-gnu/libc-2.19.so
7f86026a7000-7f86028a6000 ---p 001be000 ca:01 1976232                    /lib/x86_64-linux-gnu/libc-2.19.so
7f86028a6000-7f86028aa000 r--p 001bd000 ca:01 1976232                    /lib/x86_64-linux-gnu/libc-2.19.so
7f86028aa000-7f86028ac000 rw-p 001c1000 ca:01 1976232                    /lib/x86_64-linux-gnu/libc-2.19.so
7f86028ac000-7f86028b1000 rw-p 00000000 00:00 0 
7f86028b1000-7f86028be000 r-xp 00000000 ca:01 1067617                    /usr/lib/jvm/java-7-openjdk-amd64/jre/lib/amd64/jli/libjli.so
7f86028be000-7f8602abd000 ---p 0000d000 ca:01 1067617                    /usr/lib/jvm/java-7-openjdk-amd64/jre/lib/amd64/jli/libjli.so
7f8602abd000-7f8602abe000 r--p 0000c000 ca:01 1067617                    /usr/lib/jvm/java-7-openjdk-amd64/jre/lib/amd64/jli/libjli.so
7f8602abe000-7f8602abf000 rw-p 0000d000 ca:01 1067617                    /usr/lib/jvm/java-7-openjdk-amd64/jre/lib/amd64/jli/libjli.so
7f8602abf000-7f8602ae2000 r-xp 00000000 ca:01 1976240                    /lib/x86_64-linux-gnu/ld-2.19.so
7f8602ae2000-7f8602ae3000 r--s 00000000 ca:01 398865                     /var/cache/fontconfig/0c9eb80ebd1c36541ebe2852d3bb0c49-le64.cache-4
7f8602ae3000-7f8602ae5000 r--s 0000f000 ca:01 803396                     /usr/share/greenfoot/bluejext.jar
7f8602ae5000-7f8602aef000 r--s 000b8000 ca:01 802282                     /usr/lib/jvm/java-7-openjdk-amd64/jre/lib/resources.jar
7f8602aef000-7f8602af4000 r--s 0004c000 ca:01 786627                     /usr/lib/jvm/java-7-openjdk-amd64/jre/lib/jsse.jar
7f8602af4000-7f8602afb000 r--s 00000000 ca:01 536179                     /usr/lib/x86_64-linux-gnu/gconv/gconv-modules.cache
7f8602afb000-7f8602afc000 r--s 00013000 ca:01 803407                     /usr/share/greenfoot/bluej.jar
7f8602afc000-7f8602aff000 r--s 0000f000 ca:01 932179                     /usr/lib/jvm/java-7-openjdk-amd64/jre/lib/ext/pulse-java.jar
7f8602aff000-7f8602b09000 rw-p 00000000 00:00 0 
7f8602b09000-7f8602bbf000 rw-p 00000000 00:00 0 
7f8602bbf000-7f8602bc2000 ---p 00000000 00:00 0 
7f8602bc2000-7f8602cc5000 rw-p 00000000 00:00 0                          [stack:7368]
7f8602cc5000-7f8602cc7000 r--s 00012000 ca:01 932180                     /usr/lib/jvm/java-7-openjdk-amd64/jre/lib/ext/zipfs.jar
7f8602cc7000-7f8602cca000 r--s 00032000 ca:01 932181                     /usr/lib/jvm/java-7-openjdk-amd64/jre/lib/ext/sunjce_provider.jar
7f8602cca000-7f8602ccb000 r--s 00002000 ca:01 932182                     /usr/lib/jvm/java-7-openjdk-amd64/jre/lib/ext/dnsns.jar
7f8602ccb000-7f8602ccf000 r--s 00085000 ca:01 932178                     /usr/lib/jvm/java-7-openjdk-amd64/jre/lib/ext/localedata.jar
7f8602ccf000-7f8602cd3000 r--s 0003b000 ca:01 932183                     /usr/lib/jvm/java-7-openjdk-amd64/jre/lib/ext/sunpkcs11.jar
7f8602cd3000-7f8602cd5000 r--s 00006000 ca:01 672491                     /usr/share/java/java-atk-wrapper.jar
7f8602cd5000-7f8602cdd000 rw-s 00000000 ca:01 685452                     /tmp/hsperfdata_13093/7367
7f8602cdd000-7f8602cde000 rw-p 00000000 00:00 0 
7f8602cde000-7f8602cdf000 r--p 00000000 00:00 0 
7f8602cdf000-7f8602ce1000 rw-p 00000000 00:00 0 
7f8602ce1000-7f8602ce2000 r--p 00022000 ca:01 1976240                    /lib/x86_64-linux-gnu/ld-2.19.so
7f8602ce2000-7f8602ce3000 rw-p 00023000 ca:01 1976240                    /lib/x86_64-linux-gnu/ld-2.19.so
7f8602ce3000-7f8602ce4000 rw-p 00000000 00:00 0 
7ffff8a5e000-7ffff8a7f000 rw-p 00000000 00:00 0                          [stack]
7ffff8a8d000-7ffff8a8f000 r-xp 00000000 00:00 0                          [vdso]
7ffff8a8f000-7ffff8a91000 r--p 00000000 00:00 0                          [vvar]
ffffffffff600000-ffffffffff601000 r-xp 00000000 00:00 0                  [vsyscall]

VM Arguments:
jvm_args: -Dawt.useSystemAAFontSettings=on 
java_command: bluej.Boot -greenfoot=true -bluej.compiler.showunchecked=false -greenfoot.scenarios=/usr/share/doc/Greenfoot/scenarios -greenfoot.tutorial=file:///usr/share/doc/Greenfoot/tutorial/tutorial.html -greenfoot.tutorial.scenario=wombats -greenfoot.url.javadoc=/usr/share/doc/Greenfoot/API/index.html project.greenfoot
Launcher Type: SUN_STANDARD

Environment Variables:
PATH=/usr/local/sbin:/usr/local/bin:/usr/sbin:/usr/bin:/sbin:/bin:/usr/games:/usr/local/games
SHELL=/bin/bash
DISPLAY=:0

Signal Handlers:
SIGSEGV: [libjvm.so+0x918520], sa_mask[0]=0x7ffbfeff, sa_flags=0x10000004
SIGBUS: [libjvm.so+0x918520], sa_mask[0]=0x7ffbfeff, sa_flags=0x10000004
SIGFPE: [libjvm.so+0x795d30], sa_mask[0]=0x7ffbfeff, sa_flags=0x10000004
SIGPIPE: [libjvm.so+0x795d30], sa_mask[0]=0x7ffbfeff, sa_flags=0x10000004
SIGXFSZ: [libjvm.so+0x795d30], sa_mask[0]=0x7ffbfeff, sa_flags=0x10000004
SIGILL: [libjvm.so+0x795d30], sa_mask[0]=0x7ffbfeff, sa_flags=0x10000004
SIGUSR1: SIG_DFL, sa_mask[0]=0x00000000, sa_flags=0x00000000
SIGUSR2: [libjvm.so+0x795bd0], sa_mask[0]=0x00000000, sa_flags=0x10000004
SIGHUP: [libjvm.so+0x795db0], sa_mask[0]=0x7ffbfeff, sa_flags=0x10000004
SIGINT: [libjvm.so+0x795db0], sa_mask[0]=0x7ffbfeff, sa_flags=0x10000004
SIGTERM: [libjvm.so+0x795db0], sa_mask[0]=0x7ffbfeff, sa_flags=0x10000004
SIGQUIT: [libjvm.so+0x795db0], sa_mask[0]=0x7ffbfeff, sa_flags=0x10000004


---------------  S Y S T E M  ---------------

OS:Ubuntu 14.04 (trusty)
uname:Linux 3.16.0-77-generic #99~14.04.1-Ubuntu SMP Tue Jun 28 19:17:10 UTC 2016 x86_64
libc:glibc 2.19 NPTL 2.19 
rlimit: STACK 8192k, CORE 0k, NPROC 23784, NOFILE 4096, AS infinity
load average:0.72 0.57 0.74

/proc/meminfo:
MemTotal:        6110956 kB
MemFree:         4836312 kB
MemAvailable:    5374348 kB
Buffers:          111916 kB
Cached:           561720 kB
SwapCached:            0 kB
Active:           748144 kB
Inactive:         329180 kB
Active(anon):     403824 kB
Inactive(anon):     2012 kB
Active(file):     344320 kB
Inactive(file):   327168 kB
Unevictable:          40 kB
Mlocked:              40 kB
SwapTotal:       4454396 kB
SwapFree:        4454396 kB
Dirty:               312 kB
Writeback:             0 kB
AnonPages:        402668 kB
Mapped:           140616 kB
Shmem:              2152 kB
Slab:             105396 kB
SReclaimable:      70952 kB
SUnreclaim:        34444 kB
KernelStack:       10528 kB
PageTables:        16228 kB
NFS_Unstable:          0 kB
Bounce:                0 kB
WritebackTmp:          0 kB
CommitLimit:     7509872 kB
Committed_AS:    2227136 kB
VmallocTotal:   34359738367 kB
VmallocUsed:       27860 kB
VmallocChunk:   34359706232 kB
HardwareCorrupted:     0 kB
AnonHugePages:    413696 kB
HugePages_Total:       0
HugePages_Free:        0
HugePages_Rsvd:        0
HugePages_Surp:        0
Hugepagesize:       2048 kB
DirectMap4k:       65536 kB
DirectMap2M:     6356992 kB


CPU:total 8 (16 cores per cpu, 2 threads per core) family 6 model 58 stepping 9, cmov, cx8, fxsr, mmx, sse, sse2, sse3, ssse3, sse4.1, sse4.2, popcnt, avx, aes, erms, ht, tsc

/proc/cpuinfo:
processor	: 0
vendor_id	: GenuineIntel
cpu family	: 6
model		: 58
model name	: Intel(R) Core(TM) i7-3770 CPU @ 3.40GHz
stepping	: 9
microcode	: 0x12
cpu MHz		: 3392.382
cache size	: 8192 KB
physical id	: 0
siblings	: 8
core id		: 0
cpu cores	: 8
apicid		: 0
initial apicid	: 0
fpu		: yes
fpu_exception	: yes
cpuid level	: 13
wp		: yes
flags		: fpu vme de pse tsc msr pae mce cx8 apic sep mtrr pge mca cmov pat pse36 clflush mmx fxsr sse sse2 ht syscall nx rdtscp lm constant_tsc arch_perfmon rep_good nopl eagerfpu pni pclmulqdq ssse3 cx16 pcid sse4_1 sse4_2 x2apic popcnt tsc_deadline_timer aes xsave avx f16c rdrand hypervisor lahf_lm xsaveopt fsgsbase smep erms
bogomips	: 6784.76
clflush size	: 64
cache_alignment	: 64
address sizes	: 36 bits physical, 48 bits virtual
power management:

processor	: 1
vendor_id	: GenuineIntel
cpu family	: 6
model		: 58
model name	: Intel(R) Core(TM) i7-3770 CPU @ 3.40GHz
stepping	: 9
microcode	: 0x12
cpu MHz		: 3392.382
cache size	: 8192 KB
physical id	: 0
siblings	: 8
core id		: 1
cpu cores	: 8
apicid		: 2
initial apicid	: 2
fpu		: yes
fpu_exception	: yes
cpuid level	: 13
wp		: yes
flags		: fpu vme de pse tsc msr pae mce cx8 apic sep mtrr pge mca cmov pat pse36 clflush mmx fxsr sse sse2 ht syscall nx rdtscp lm constant_tsc arch_perfmon rep_good nopl eagerfpu pni pclmulqdq ssse3 cx16 pcid sse4_1 sse4_2 x2apic popcnt tsc_deadline_timer aes xsave avx f16c rdrand hypervisor lahf_lm xsaveopt fsgsbase smep erms
bogomips	: 6784.76
clflush size	: 64
cache_alignment	: 64
address sizes	: 36 bits physical, 48 bits virtual
power management:

processor	: 2
vendor_id	: GenuineIntel
cpu family	: 6
model		: 58
model name	: Intel(R) Core(TM) i7-3770 CPU @ 3.40GHz
stepping	: 9
microcode	: 0x12
cpu MHz		: 3392.382
cache size	: 8192 KB
physical id	: 0
siblings	: 8
core id		: 2
cpu cores	: 8
apicid		: 4
initial apicid	: 4
fpu		: yes
fpu_exception	: yes
cpuid level	: 13
wp		: yes
flags		: fpu vme de pse tsc msr pae mce cx8 apic sep mtrr pge mca cmov pat pse36 clflush mmx fxsr sse sse2 ht syscall nx rdtscp lm constant_tsc arch_perfmon rep_good nopl eagerfpu pni pclmulqdq ssse3 cx16 pcid sse4_1 sse4_2 x2apic popcnt tsc_deadline_timer aes xsave avx f16c rdrand hypervisor lahf_lm xsaveopt fsgsbase smep erms
bogomips	: 6784.76
clflush size	: 64
cache_alignment	: 64
address sizes	: 36 bits physical, 48 bits virtual
power management:

processor	: 3
vendor_id	: GenuineIntel
cpu family	: 6
model		: 58
model name	: Intel(R) Core(TM) i7-3770 CPU @ 3.40GHz
stepping	: 9
microcode	: 0x12
cpu MHz		: 3392.382
cache size	: 8192 KB
physical id	: 0
siblings	: 8
core id		: 3
cpu cores	: 8
apicid		: 6
initial apicid	: 6
fpu		: yes
fpu_exception	: yes
cpuid level	: 13
wp		: yes
flags		: fpu vme de pse tsc msr pae mce cx8 apic sep mtrr pge mca cmov pat pse36 clflush mmx fxsr sse sse2 ht syscall nx rdtscp lm constant_tsc arch_perfmon rep_good nopl eagerfpu pni pclmulqdq ssse3 cx16 pcid sse4_1 sse4_2 x2apic popcnt tsc_deadline_timer aes xsave avx f16c rdrand hypervisor lahf_lm xsaveopt fsgsbase smep erms
bogomips	: 6784.76
clflush size	: 64
cache_alignment	: 64
address sizes	: 36 bits physical, 48 bits virtual
power management:

processor	: 4
vendor_id	: GenuineIntel
cpu family	: 6
model		: 58
model name	: Intel(R) Core(TM) i7-3770 CPU @ 3.40GHz
stepping	: 9
microcode	: 0x12
cpu MHz		: 3392.382
cache size	: 8192 KB
physical id	: 0
siblings	: 8
core id		: 4
cpu cores	: 8
apicid		: 8
initial apicid	: 8
fpu		: yes
fpu_exception	: yes
cpuid level	: 13
wp		: yes
flags		: fpu vme de pse tsc msr pae mce cx8 apic sep mtrr pge mca cmov pat pse36 clflush mmx fxsr sse sse2 ht syscall nx rdtscp lm constant_tsc arch_perfmon rep_good nopl eagerfpu pni pclmulqdq ssse3 cx16 pcid sse4_1 sse4_2 x2apic popcnt tsc_deadline_timer aes xsave avx f16c rdrand hypervisor lahf_lm xsaveopt fsgsbase smep erms
bogomips	: 6784.76
clflush size	: 64
cache_alignment	: 64
address sizes	: 36 bits physical, 48 bits virtual
power management:

processor	: 5
vendor_id	: GenuineIntel
cpu family	: 6
model		: 58
model name	: Intel(R) Core(TM) i7-3770 CPU @ 3.40GHz
stepping	: 9
microcode	: 0x12
cpu MHz		: 3392.382
cache size	: 8192 KB
physical id	: 0
siblings	: 8
core id		: 5
cpu cores	: 8
apicid		: 10
initial apicid	: 10
fpu		: yes
fpu_exception	: yes
cpuid level	: 13
wp		: yes
flags		: fpu vme de pse tsc msr pae mce cx8 apic sep mtrr pge mca cmov pat pse36 clflush mmx fxsr sse sse2 ht syscall nx rdtscp lm constant_tsc arch_perfmon rep_good nopl eagerfpu pni pclmulqdq ssse3 cx16 pcid sse4_1 sse4_2 x2apic popcnt tsc_deadline_timer aes xsave avx f16c rdrand hypervisor lahf_lm xsaveopt fsgsbase smep erms
bogomips	: 6784.76
clflush size	: 64
cache_alignment	: 64
address sizes	: 36 bits physical, 48 bits virtual
power management:

processor	: 6
vendor_id	: GenuineIntel
cpu family	: 6
model		: 58
model name	: Intel(R) Core(TM) i7-3770 CPU @ 3.40GHz
stepping	: 9
microcode	: 0x12
cpu MHz		: 3392.382
cache size	: 8192 KB
physical id	: 0
siblings	: 8
core id		: 6
cpu cores	: 8
apicid		: 12
initial apicid	: 12
fpu		: yes
fpu_exception	: yes
cpuid level	: 13
wp		: yes
flags		: fpu vme de pse tsc msr pae mce cx8 apic sep mtrr pge mca cmov pat pse36 clflush mmx fxsr sse sse2 ht syscall nx rdtscp lm constant_tsc arch_perfmon rep_good nopl eagerfpu pni pclmulqdq ssse3 cx16 pcid sse4_1 sse4_2 x2apic popcnt tsc_deadline_timer aes xsave avx f16c rdrand hypervisor lahf_lm xsaveopt fsgsbase smep erms
bogomips	: 6784.76
clflush size	: 64
cache_alignment	: 64
address sizes	: 36 bits physical, 48 bits virtual
power management:

processor	: 7
vendor_id	: GenuineIntel
cpu family	: 6
model		: 58
model name	: Intel(R) Core(TM) i7-3770 CPU @ 3.40GHz
stepping	: 9
microcode	: 0x12
cpu MHz		: 3392.382
cache size	: 8192 KB
physical id	: 0
siblings	: 8
core id		: 7
cpu cores	: 8
apicid		: 14
initial apicid	: 14
fpu		: yes
fpu_exception	: yes
cpuid level	: 13
wp		: yes
flags		: fpu vme de pse tsc msr pae mce cx8 apic sep mtrr pge mca cmov pat pse36 clflush mmx fxsr sse sse2 ht syscall nx rdtscp lm constant_tsc arch_perfmon rep_good nopl eagerfpu pni pclmulqdq ssse3 cx16 pcid sse4_1 sse4_2 x2apic popcnt tsc_deadline_timer aes xsave avx f16c rdrand hypervisor lahf_lm xsaveopt fsgsbase smep erms
bogomips	: 6784.76
clflush size	: 64
cache_alignment	: 64
address sizes	: 36 bits physical, 48 bits virtual
power management:



Memory: 4k page, physical 6110956k(4836312k free), swap 4454396k(4454396k free)

vm_info: OpenJDK 64-Bit Server VM (24.51-b03) for linux-amd64 JRE (1.7.0_51-b31), built on Apr  8 2014 08:40:48 by "buildd" with gcc 4.8.2

time: Wed Dec 20 10:36:36 2017
elapsed time: 16 seconds

